0:100  0:100  MemLog inited, TSC freq: 2593991803
0:100  0:000  CPU was calibrated with ACPI PM Timer
0:100  0:000  
0:100  0:000  Now is 23.1.2019,  23:54:6 (GMT)
0:100  0:000  Starting Clover revision: 4844 on American Megatrends EFI
0:100  0:000  Build with: [Args: -nb -mc --no-usb -D NO_GRUB_DRIVERS_EMBEDDED | -D DISABLE_USB_SUPPORT -D NO_GRUB_DRIVERS_EMBEDDED -D USE_BIOS_BLOCKIO -D USE_LOW_EBDA -a X64 -b RELEASE -t XCODE8 -n 5 | OS: 10.13.6 | XCODE: 10.1]
0:100  0:000  SelfDevicePath=PciRoot(0x0)\Pci(0x1F,0x2)\Sata(0x3,0xFFFF,0x0)\HD(1,GPT,17E0268F-E9F0-41BA-A247-30DE14CA5854,0x28,0x64000) @D1969898
0:100  0:000  SelfDirPath = \EFI\CLOVER
0:100  0:000  === [ Get Smbios ] ========================================
0:100  0:000  Type 16 Index = 0
0:100  0:000  Total Memory Slots Count = 2
0:100  0:000  Type 17 Index = 0
0:100  0:000  SmbiosTable.Type17->Speed = 1600MHz
0:100  0:000  SmbiosTable.Type17->Size = 8192MB
0:100  0:000  SmbiosTable.Type17->Bank/Device =  DIMM A
0:100  0:000  SmbiosTable.Type17->Vendor = Hynix/Hyundai
0:100  0:000  SmbiosTable.Type17->SerialNumber = D7D8F584
0:100  0:000  SmbiosTable.Type17->PartNumber = HMT41GS6BFR8A-PB  
0:100  0:000  Type 17 Index = 1
0:100  0:000  SmbiosTable.Type17->Speed = 1600MHz
0:100  0:000  SmbiosTable.Type17->Size = 8192MB
0:100  0:000  SmbiosTable.Type17->Bank/Device =  DIMM B
0:100  0:000  SmbiosTable.Type17->Vendor = Samsung
0:100  0:000  SmbiosTable.Type17->SerialNumber = BE8B9C96
0:100  0:000  SmbiosTable.Type17->PartNumber = M471B1G73QH0-YK0  
0:100  0:000  Boot status=0
0:100  0:000  Running on: 'Latitude E7440' with board '06MFX3'
0:100  0:000  === [ GetCPUProperties ] ==================================
0:100  0:000  CPU Vendor = 756E6547 Model=40651
0:100  0:000   The CPU supported SSE4.1
0:100  0:000  BrandString = Intel(R) Core(TM) i5-4310U CPU @ 2.00GHz
0:100  0:000   The CPU supported turbo
0:100  0:000  MSR 0x35               20004
0:100  0:000  MSR 0xE2 before patch 1E008408
0:100  0:000  MSR 0xE2 is locked, PM patches will be turned on
0:100  0:000  MSR 0xCE              0008083D_F3011A00
0:100  0:000  corrected FLEX_RATIO = 0
0:100  0:000  MSR 0x1B0             00000000
0:100  0:000  FSBFrequency = 77 MHz, DMI FSBFrequency = 100 MHz, Corrected FSBFrequency = 100 MHz
0:100  0:000  MaxDiv/MinDiv: 26.0/8
0:100  0:000  Turbo: 27/27/27/30
0:100  0:000  Features: 0xBFEBFBFF
0:100  0:000  Threads: 4
0:100  0:000  Cores: 2
0:100  0:000  FSB: 100 MHz
0:100  0:000  CPU: 2000 MHz
0:100  0:000  TSC: 2000 MHz
0:100  0:000  PIS: 100 MHz
0:100  0:000  ExternalClock: 25 MHz
0:100  0:000  === [ GetDevices ] ========================================
0:100  0:000  PCI (00|00:00.00) : 8086 0A04 class=060000
0:100  0:000  PCI (00|00:02.00) : 8086 0A16 class=030000
0:100  0:000   - GFX: Model=Intel HD Graphics 4400 (Intel)
0:100  0:000  PCI (00|00:03.00) : 8086 0A0C class=040300
0:100  0:000  PCI (00|00:14.00) : 8086 9C31 class=0C0330
0:100  0:000  PCI (00|00:16.00) : 8086 9C3A class=078000
0:100  0:000  PCI (00|00:16.01) : FFFF FFFF class=FFFFFF
0:100  0:000  PCI (00|00:16.03) : 8086 9C3D class=070002
0:100  0:000  PCI (00|00:19.00) : 8086 155A class=020000
0:100  0:000   - LAN: 0 Vendor=Intel
0:100  0:000  PCI (00|00:1B.00) : 8086 9C20 class=040300
0:100  0:000  PCI (00|00:1C.00) : 8086 9C10 class=060400
0:100  0:000  PCI (00|00:1C.03) : 8086 9C16 class=060400
0:100  0:000  PCI (00|02:00.00) : 14E4 43B1 class=028000
0:100  0:000   - WIFI: Vendor=Broadcom
0:100  0:000  PCI (00|00:1C.04) : 8086 9C18 class=060400
0:102  0:001  PCI (00|03:00.00) : 1217 8520 class=080501
0:102  0:000  PCI (00|00:1D.00) : 8086 9C26 class=0C0320
0:102  0:000  PCI (00|00:1F.00) : 8086 9C43 class=060100
0:102  0:000  PCI (00|00:1F.02) : 8086 9C03 class=010601
0:102  0:000  PCI (00|00:1F.03) : 8086 9C22 class=0C0500
0:102  0:000  PCI (00|00:1F.06) : FFFF FFFF class=FFFFFF
0:102  0:000  === [ GetDefaultSettings ] ================================
0:102  0:000  Clover load options size = 176 bytes
0:105  0:003  EFI\CLOVER\.plist not loaded with name from LoadOptions: Not Found
0:107  0:001  EFI\CLOVER\config.plist loaded: Success
0:107  0:000  === [ GetListOfThemes ] ===================================
0:108  0:001  - [00]: RANDOM
0:109  0:001  - [00]: EMBEDDED
0:110  0:001  === [ Found config plists ] ===============================
0:110  0:000  - config.plist
0:110  0:000  - config.200119.bak.plist
0:110  0:000  === [ GetEarlyUserSettings ] ==============================
0:110  0:000  timeout set to 1
0:110  0:000  Custom boot CUSTOM_BOOT_DISABLED (0x0)
0:110  0:000  KextsToPatch: 2 requested
0:110  0:000   - [00]: IOAHCIBlockStorage (Enable TRIM for SSD) :: BinPatch :: data len: 11
0:110  0:000   - [01]: AppleAHCIPort (External Icon Patch) :: BinPatch :: data len: 8
0:110  0:000  Default theme: embedded
0:110  0:000  Hiding entries with string Preboot
0:110  0:000  === [ LoadDrivers ] =======================================
0:115  0:004  Loading PartitionDxe-64.efi  status=Success
0:117  0:001   - driver needs connecting
0:117  0:000  Loading DataHubDxe-64.efi  status=Success
0:124  0:007  Loading VBoxExt4-64.efi  status=Success
0:125  0:001   - driver needs connecting
0:125  0:000  Loading FSInject-64.efi  status=Success
0:127  0:001  Loading ApfsDriverLoader-64.efi  status=Success
0:127  0:000   - driver needs connecting
0:127  0:000  Loading SMCHelper-64.efi  status=Success
0:128  0:000  Loading AptioMemoryFix-64.efi  status=Success
0:134  0:005  Loading HFSPlus.efi  status=Success
0:136  0:001   - driver needs connecting
0:136  0:000  Loading AudioDxe-64.efi  status=Success
0:137  0:001   - driver needs connecting
0:137  0:000  Loading VBoxIso9600-64.efi  status=Success
0:138  0:000   - driver needs connecting
0:138  0:000  6 drivers needs connecting ...
0:138  0:000  PlatformDriverOverrideProtocol->GetDriver overriden
0:138  0:000  Partition driver loaded: 
0:138  0:000  HFS+ driver loaded
0:138  0:000  APFS driver loaded
0:138  0:000  Searching for invalid DiskIo BY_DRIVER connects: not found, all ok
5:379  5:241  === [ InitScreen ] ========================================
5:379  0:000  SetScreenResolution: 1920x1080 - already set
5:379  0:000  Console modes reported: 4, available modes:
5:379  0:000   - [01]: 80x25
5:379  0:000   - [02]: 80x50
5:379  0:000   - [03]: 100x31
5:379  0:000   - [04]: 240x56 (current mode)
5:379  0:000  reinit: self device path=PciRoot(0x0)\Pci(0x1F,0x2)\Sata(0x3,0xFFFF,0x0)\HD(1,GPT,17E0268F-E9F0-41BA-A247-30DE14CA5854,0x28,0x64000)
5:380  0:000  Using embedded font: Success
5:381  0:000  === [ GetMacAddress ] =====================================
5:381  0:000   get legacy LAN MAC, 1 card found
5:381  0:000  Legacy MAC address of LAN #0= 34:E6:D7:35:C8:2D:
5:381  0:000  === [ ScanSPD ] ===========================================
5:383  0:001  Scanning SMBus [8086:9C22], mmio: 0xF7C39004, ioport: 0xF040, hostc: 0x11
5:402  0:019  Slot: 0 Type 24 8192MB 1600MHz Vendor=SK Hynix PartNo=HMT41GS6BFR8A-PBN0 SerialNo=000407050D080D07
5:421  0:019  Slot: 2 Type 24 8192MB 1600MHz Vendor=Samsung PartNo=M471B1G73QH0-YK0 SerialNo=0906010C080B030E
5:422  0:000  === [ GetAcpiTablesList ] =================================
5:422  0:000  Get Acpi Tables List from RSDT:
5:422  0:000   - [00]: FACP  CBX3    len=132
5:422  0:000   - [01]: APIC  CBX3    len=114
5:422  0:000   - [02]: FPDT  CBX3    len=68
5:422  0:000   - [03]: SLIC  CBX3    len=374
5:422  0:000   - [04]: LPIT  CBX3    len=92
5:422  0:000   - [05]: SSDT  sensrhub len=552
5:422  0:000   - [06]: SSDT  Cpu0Ist len=1311
5:422  0:000   - [07]: SSDT  CpuPm len=2776
5:422  0:000   - [08]: HPET  CBX3    len=56
5:422  0:000   - [09]: SSDT  SataTabl len=1109
5:422  0:000   - [10]: MCFG  CBX3    len=60
5:422  0:000   - [11]: ASF!   HCG len=165
5:422  0:000   - [12]: MSDM  CBX3    len=85
5:422  0:000   - [13]: BGRT   len=56
5:422  0:000   - [14]: DMAR  HSW  len=176
5:422  0:000  Calibrated TSC Frequency = 2593991803 = 2593MHz
5:422  0:000  === [ GetUserSettings ] ===================================
5:422  0:000  Add 2 devices:
5:422  0:000  Add 1 devices:
5:422  0:000   - [00]: [03:00.00]  (SDXC reader - RP05)
5:422  0:000  USB FixOwnership: yes
5:422  0:000  Dropping 1 tables:
5:422  0:000   - [00]: Drop table  signature="DMAR" (52414D44)
5:422  0:000           - set table: 52414D44,                0 to drop: yes
5:422  0:000   - final DSDT Fix mask=40400010
5:422  0:000  PatchesDSDT: 8 requested
5:422  0:000   - [00]: (change _OSI to XOSI) lenToFind: 4, lenToReplace: 4, Target Bridge: <null string>
5:422  0:000   - [01]: (change _DSM to XDSM) lenToFind: 4, lenToReplace: 4, Target Bridge: <null string>
5:422  0:000   - [02]: (change EHC1 to EH01) lenToFind: 4, lenToReplace: 4, Target Bridge: <null string>
5:422  0:000   - [03]: (change EHC2 to EH02) lenToFind: 4, lenToReplace: 4, Target Bridge: <null string>
5:422  0:000   - [04]: (change GFX0 to IGPU) lenToFind: 4, lenToReplace: 4, Target Bridge: <null string>
5:422  0:000   - [05]: (change B0D3 to HDAU) lenToFind: 4, lenToReplace: 4, Target Bridge: <null string>
5:422  0:000   - [06]: (change LPC to LPCB, optionally pair with SSDT-DEHCI.aml, SSDT-DEH01.aml, SSDT-DEH02.aml, SSDT-LPC.aml) lenToFind: 4, lenToReplace: 4, Target Bridge: <null string>
5:422  0:000   - [07]: (change Method (GPRW,2,N) to XPRW, pair with SSDT-GPRW.aml) lenToFind: 5, lenToReplace: 5, Target Bridge: <null string>
5:422  0:000  PluginType: 1
5:422  0:000  Using ProductName from config: MacBookPro11,1
5:422  0:000  Found same BiosVersion in clover and config
5:422  0:000  BiosVersion: MBP111.88Z.0147.B00.1809171520
5:422  0:000  BiosReleaseDate: 09/17/2018
5:422  0:000  Using EfiVersion from config: 149.0.0.0.0
5:422  0:000  Using FirmwareFeatures from config: 0xE80FE137
5:422  0:000  Using FirmwareFeaturesMask from config: 0xFF1FFF3F
5:422  0:000  Board-ID set from config as Mac-189A3D4F975D5FFC
5:422  0:000  BoardType: 0xA
5:422  0:000  ChassisType: 0xA
5:422  0:000  Converted CustomUUID 856A2170-B4B6-47BA-A148-E8FA202B10A3
5:426  0:003  === [ Found DSDT tables ] =================================
5:488  0:062  === [ ScanVolumes ] =======================================
5:488  0:000  Found 18 volumes with blockIO
5:488  0:000  - [00]: Volume: PciRoot(0x0)\Pci(0x1F,0x2)\Sata(0x1,0xFFFF,0x0)
5:489  0:000  - [01]: Volume: PciRoot(0x0)\Pci(0x1F,0x2)\Sata(0x3,0xFFFF,0x0)
5:489  0:000  - [02]: Volume: PciRoot(0x0)\Pci(0x1F,0x2)\Sata(0x1,0xFFFF,0x0)\HD(1,GPT,2CBE5FCC-244D-41DB-AC94-1E4FB2D5B5C0,0x28,0x64000)
5:490  0:000          Result of bootcode detection: bootable unknown (legacy)
5:511  0:020  - [03]: Volume: PciRoot(0x0)\Pci(0x1F,0x2)\Sata(0x1,0xFFFF,0x0)\HD(2,GPT,29680B3B-F04E-4D73-B16F-A20B2AF672BD,0x64800,0x324B0000)
5:511  0:000          Result of bootcode detection: bootable Windows (vista,win)
5:511  0:000  - [04]: Volume: PciRoot(0x0)\Pci(0x1F,0x2)\Sata(0x1,0xFFFF,0x0)\HD(3,GPT,6CFCCE01-7118-430D-AF29-C22F870E34F2,0x3E864800,0x1B8F4DA0)
5:512  0:000  - [05]: Volume: PciRoot(0x0)\Pci(0x1F,0x2)\Sata(0x1,0xFFFF,0x0)\HD(4,GPT,9A93E4BC-E5B8-49F3-A283-B296B4C248F8,0x5A1995A0,0x22E8B260)
5:512  0:000  - [06]: Volume: PciRoot(0x0)\Pci(0x1F,0x2)\Sata(0x1,0xFFFF,0x0)\HD(5,GPT,9D6D0452-254C-4F78-98F6-ED499E2245A0,0x7D064800,0x6BDA3800)
5:513  0:000          Result of bootcode detection: bootable unknown (legacy)
5:513  0:000  - [07]: Volume: PciRoot(0x0)\Pci(0x1F,0x2)\Sata(0x1,0xFFFF,0x0)\HD(6,GPT,564A6B75-E93F-41F8-9F22-97503F46507B,0x32514800,0xA21C000)
5:513  0:000  - [08]: Volume: PciRoot(0x0)\Pci(0x1F,0x2)\Sata(0x1,0xFFFF,0x0)\HD(8,GPT,4F14775E-BFD2-4698-A113-2B18CE056478,0x3C730800,0x2134000)
5:514  0:000  - [09]: Volume: PciRoot(0x0)\Pci(0x1F,0x2)\Sata(0x3,0xFFFF,0x0)\HD(1,GPT,17E0268F-E9F0-41BA-A247-30DE14CA5854,0x28,0x64000)
5:515  0:000          Result of bootcode detection: bootable unknown (legacy)
5:520  0:005          This is SelfVolume !!
5:520  0:000  - [10]: Volume: PciRoot(0x0)\Pci(0x1F,0x2)\Sata(0x3,0xFFFF,0x0)\HD(2,GPT,AABA4161-7350-4700-830C-AD8EF3C3858D,0x64028,0x13CA6510)
5:521  0:000          Result of bootcode detection: bootable unknown (legacy)
5:521  0:000  - [11]: Volume: PciRoot(0x0)\Pci(0x1F,0x2)\Sata(0x3,0xFFFF,0x0)\HD(3,GPT,6FC55C4F-E96A-486A-8AE7-4D1C05C7A6B3,0x13D0A538,0x29FAAC8)
5:521  0:000  - [12]: Volume: PciRoot(0x0)\Pci(0x1F,0x2)\Sata(0x3,0xFFFF,0x0)\HD(4,GPT,8844F6EA-A91F-4E40-8C0F-4DF3DCF2A236,0x1674D000,0x74AC659)
5:523  0:001          Result of bootcode detection: bootable Windows (vista,win)
5:523  0:000  - [13]: Volume: PciRoot(0x0)\Pci(0x1F,0x2)\Sata(0x3,0xFFFF,0x0)\HD(5,GPT,D46BC828-0BA3-4B30-8AD3-619FF0D1E1D7,0x1DBF9800,0xF8800)
5:524  0:000          Result of bootcode detection: bootable Windows (vista,win)
5:524  0:000  - [14]: Volume: PciRoot(0x0)\Pci(0x1F,0x2)\Sata(0x3,0xFFFF,0x0)\HD(2,GPT,AABA4161-7350-4700-830C-AD8EF3C3858D,0x64028,0x13CA6510)\VenMedia(BE74FCF7-0B7C-49F3-9147-01F4042E6842,1F52DFA29714D5468AC66E55774293DC)
5:524  0:000          hiding this volume
5:524  0:000  - [15]: Volume: PciRoot(0x0)\Pci(0x1F,0x2)\Sata(0x3,0xFFFF,0x0)\HD(2,GPT,AABA4161-7350-4700-830C-AD8EF3C3858D,0x64028,0x13CA6510)\VenMedia(BE74FCF7-0B7C-49F3-9147-01F4042E6842,E74EBC4AC50A9243BD06982A8CCF39AA)
5:524  0:000  - [16]: Volume: PciRoot(0x0)\Pci(0x1F,0x2)\Sata(0x3,0xFFFF,0x0)\HD(2,GPT,AABA4161-7350-4700-830C-AD8EF3C3858D,0x64028,0x13CA6510)\VenMedia(BE74FCF7-0B7C-49F3-9147-01F4042E6842,D27587A87741A144B2C67F5C4E98CA5C)
5:524  0:000  - [17]: Volume: PciRoot(0x0)\Pci(0x1F,0x2)\Sata(0x3,0xFFFF,0x0)\HD(2,GPT,AABA4161-7350-4700-830C-AD8EF3C3858D,0x64028,0x13CA6510)\VenMedia(BE74FCF7-0B7C-49F3-9147-01F4042E6842,A5B12641D121744588675BAF3D53D29A)
5:524  0:000  === [ InitTheme ] =========================================
5:524  0:000  use night theme
5:524  0:000   using embedded theme
5:524  0:000  Using embedded font: Success
5:525  0:000  theme inited
5:525  0:000  Chosen embedded theme
5:525  0:000  after NVRAM boot-args=dart=0 kext-dev-mode=1 debug=0x100 abm_firstpolldelay=20000 brcmfx-country=GB
5:525  0:000  === [ Dump SMC keys from NVRAM ] ==========================
5:525  0:000  found AppleSMC protocol
5:537  0:012  Registered 17 SMC keys
5:538  0:001  === [ AddCustomEntries ] ==================================
5:538  0:000  Custom entry 0 FullTitle:"Arch Linux" Path:"vmlinuz-linux" Options:"initrd=/intel-ucode.img initrd=/initramfs-linux.img root=UUID=1d3ef8ff-e184-48b1-87d8-e48c509ed23b rw add_efi_memmap resume=UUID=03c638a3-abef-40de-8c36-c851d9aa630c" Type:4 Flags:0x10 matching Volume:"EFI"
5:538  0:000      Checking volume "EFI" (PciRoot(0x0)\Pci(0x1F,0x2)\Sata(0x1,0xFFFF,0x0)\HD(1,GPT,2CBE5FCC-244D-41DB-AC94-1E4FB2D5B5C0,0x28,0x64000)) ... skipped because path does not exist
5:538  0:000      Checking volume "500GBNTFS" (PciRoot(0x0)\Pci(0x1F,0x2)\Sata(0x1,0xFFFF,0x0)\HD(2,GPT,29680B3B-F04E-4D73-B16F-A20B2AF672BD,0x64800,0x324B0000)) ... skipped
5:538  0:000      Checking volume "HSF+240GB" (PciRoot(0x0)\Pci(0x1F,0x2)\Sata(0x1,0xFFFF,0x0)\HD(3,GPT,6CFCCE01-7118-430D-AF29-C22F870E34F2,0x3E864800,0x1B8F4DA0)) ... skipped
5:538  0:000      Checking volume "TimeMachine" (PciRoot(0x0)\Pci(0x1F,0x2)\Sata(0x1,0xFFFF,0x0)\HD(4,GPT,9A93E4BC-E5B8-49F3-A283-B296B4C248F8,0x5A1995A0,0x22E8B260)) ... skipped
5:538  0:000      Checking volume "EFI" (PciRoot(0x0)\Pci(0x1F,0x2)\Sata(0x3,0xFFFF,0x0)\HD(1,GPT,17E0268F-E9F0-41BA-A247-30DE14CA5854,0x28,0x64000)) ... match!
5:539  0:000  Custom settings: <null string>.plist will  be applied
5:539  0:000      Checking volume "Win10HD" (PciRoot(0x0)\Pci(0x1F,0x2)\Sata(0x3,0xFFFF,0x0)\HD(4,GPT,8844F6EA-A91F-4E40-8C0F-4DF3DCF2A236,0x1674D000,0x74AC659)) ... skipped
5:539  0:000      Checking volume "" (PciRoot(0x0)\Pci(0x1F,0x2)\Sata(0x3,0xFFFF,0x0)\HD(5,GPT,D46BC828-0BA3-4B30-8AD3-619FF0D1E1D7,0x1DBF9800,0xF8800)) ... skipped
5:539  0:000      Checking volume "Preboot" (PciRoot(0x0)\Pci(0x1F,0x2)\Sata(0x3,0xFFFF,0x0)\HD(2,GPT,AABA4161-7350-4700-830C-AD8EF3C3858D,0x64028,0x13CA6510)\VenMedia(BE74FCF7-0B7C-49F3-9147-01F4042E6842,1F52DFA29714D5468AC66E55774293DC)) ... skipped because volume is hidden
5:539  0:000      Checking volume "macOS" (PciRoot(0x0)\Pci(0x1F,0x2)\Sata(0x3,0xFFFF,0x0)\HD(2,GPT,AABA4161-7350-4700-830C-AD8EF3C3858D,0x64028,0x13CA6510)\VenMedia(BE74FCF7-0B7C-49F3-9147-01F4042E6842,E74EBC4AC50A9243BD06982A8CCF39AA)) ... skipped
5:539  0:000      Checking volume "Recovery" (PciRoot(0x0)\Pci(0x1F,0x2)\Sata(0x3,0xFFFF,0x0)\HD(2,GPT,AABA4161-7350-4700-830C-AD8EF3C3858D,0x64028,0x13CA6510)\VenMedia(BE74FCF7-0B7C-49F3-9147-01F4042E6842,D27587A87741A144B2C67F5C4E98CA5C)) ... skipped
5:539  0:000      Checking volume "VM" (PciRoot(0x0)\Pci(0x1F,0x2)\Sata(0x3,0xFFFF,0x0)\HD(2,GPT,AABA4161-7350-4700-830C-AD8EF3C3858D,0x64028,0x13CA6510)\VenMedia(BE74FCF7-0B7C-49F3-9147-01F4042E6842,A5B12641D121744588675BAF3D53D29A)) ... skipped
5:539  0:000  === [ ScanLoader ] ========================================
5:539  0:000  - [02]: 'EFI'
5:539  0:000  - [03]: '500GBNTFS'
5:539  0:000  - [04]: 'HSF+240GB'
5:553  0:013  - [05]: 'TimeMachine'
5:553  0:000  - [09]: 'EFI'
5:564  0:011          AddLoaderEntry for Volume Name=EFI
5:565  0:000          AddLoaderEntry for Volume Name=EFI
5:565  0:000          skipped because entry is hidden
5:565  0:000  - [12]: 'Win10HD'
5:565  0:000  - [13]: ''
5:565  0:000  - [14]: 'Preboot', hidden
5:565  0:000  - [15]: 'macOS'
5:623  0:057          AddLoaderEntry for Volume Name=macOS
5:636  0:012      hibernated: set as never
5:640  0:003  - [16]: 'Recovery'
5:643  0:003          AddLoaderEntry for Volume Name=Recovery
5:649  0:005  - [17]: 'VM'
5:649  0:000  === [ AddCustomTool ] =====================================
5:649  0:000  === [ GetEfiBootDeviceFromNvram ] =========================
5:650  0:000   - efi-boot-device-data: PciRoot(0x0)\Pci(0x1F,0x2)\Sata(0x3,0xFFFF,0x0)\HD(1,GPT,17E0268F-E9F0-41BA-A247-30DE14CA5854,0x28,0x64000)\vmlinuz-linux
5:650  0:000    - Volume: 'PciRoot(0x0)\Pci(0x1F,0x2)\Sata(0x3,0xFFFF,0x0)\HD(1,GPT,17E0268F-E9F0-41BA-A247-30DE14CA5854,0x28,0x64000)'
5:650  0:000    - LoaderPath: 'vmlinuz-linux'
5:650  0:000    - Guid = 17E0268F-E9F0-41BA-A247-30DE14CA5854
5:650  0:000  === [ FindStartupDiskVolume ] =============================
5:650  0:000    - Volume: partition = PciRoot(0x0)\Pci(0x1F,0x2)\Sata(0x3,0xFFFF,0x0)\HD(1,GPT,17E0268F-E9F0-41BA-A247-30DE14CA5854,0x28,0x64000)
5:650  0:000     - searching for that partition and loader 'vmlinuz-linux'
5:650  0:000      - found entry 0. 'Arch Linux', Volume 'EFI', 'vmlinuz-linux'
5:650  0:000  Boot redirected to Entry 0. 'Arch Linux'
5:650  0:000  DefaultIndex=0 and MainMenu.EntryCount=8
5:650  0:000  not run anime
5:744  0:094  GUI ready
8:138  2:393  not run anime
19:993  11:854  not run anime
22:810  2:816  not run anime
26:652  3:842  not run anime
29:511  2:859  not run anime
33:600  4:088  not run anime
37:008  3:408  not run anime
38:597  1:589  not run anime
40:261  1:663  not run anime
41:233  0:972  not run anime
44:257  3:024  not run anime
46:096  1:838  not run anime
50:473  4:377  not run anime
51:718  1:244  not run anime
54:402  2:684  not run anime
56:160  1:758  not run anime
65:417  9:256  not run anime
68:413  2:996  not run anime
70:951  2:538  not run anime
77:185  6:233  not run anime
82:344  5:159  not run anime
85:946  3:601  not run anime
94:205  8:259  not run anime
101:928  7:722  not run anime
105:612  3:683  not run anime
113:277  7:664  not run anime
115:677  2:400  not run anime
138:602  22:925  not run anime
140:038  1:435  not run anime
141:346  1:307  not run anime
142:463  1:117  not run anime
146:241  3:778  not run anime
152:135  5:894  not run anime
153:892  1:756  not run anime
158:256  4:363  not run anime
162:038  3:782  not run anime
163:726  1:688  ParseBootOption: invalid input params
163:726  0:000  BootVariable of the entry is empty
163:726  0:000  === [ StartLoader ] =======================================
163:726  0:000  Finally: ExternalClock=25MHz BusSpeed=99769kHz CPUFreq=2594MHz PIS: hw.busfrequency=100000000Hz
163:727  0:000  Loading boot.efi  status=Success
163:811  0:084  GetOSVersion: 10.14.2 (18C54)
163:811  0:000  CSR_CFG: CSR_ALLOW_UNTRUSTED_KEXTS | CSR_ALLOW_UNRESTRICTED_FS | CSR_ALLOW_TASK_FOR_PID | CSR_ALLOW_UNRESTRICTED_DTRACE | CSR_ALLOW_UNRESTRICTED_NVRAM
163:811  0:000  Filtering KextPatches:
163:811  0:000   - [00]: IOAHCIBlockStorage (Enable TRIM for SSD) :: BinPatch :: [OS: 10.14.2 | MatchOS: All | MatchBuild: All] ==> allowed
163:811  0:000   - [01]: AppleAHCIPort (External Icon Patch) :: BinPatch :: [OS: 10.14.2 | MatchOS: All | MatchBuild: All] ==> allowed
163:811  0:000  Will not patch boot.efi
163:811  0:000  === [ PatchSmbios ] =======================================
163:811  0:000  insert table 9 for dev 19:0
163:811  0:000  insert table 9 for dev 0:0
163:812  0:000  Trusting SMBIOS...
163:812  0:000  Detected alternating SMBIOS channel banks
163:812  0:000  Channels: 2
163:812  0:000  Interleave: 0 2 1 3 4 6 5 7 8 10 9 11 12 14 13 15 16 18 17 19 20 22 21 23
163:812  0:000   partNum=HMT41GS6BFR8A-PB  
163:812  0:000  SMBIOS Type 17 Index = 0 => 0 0:
163:812  0:000  BANK 0 DIMM0 1600MHz 8192MB
163:812  0:000   partNum=M471B1G73QH0-YK0  
163:812  0:000  SMBIOS Type 17 Index = 1 => 1 2:
163:812  0:000  BANK 1 DIMM0 1600MHz 8192MB
163:812  0:000  mTotalSystemMemory = 16384
163:812  0:000  NumberOfMemoryDevices = 2
163:812  0:000  Type20[0]->End = 0x7FFFFF, Type17[0] = 0x2000
163:812  0:000  Type20[1]->End = 0xFFFFFF, Type17[1] = 0x6000
163:812  0:000  Table 131 is present, CPUType=35
163:812  0:000  Change to: 605
163:812  0:000  === [ PatchACPI ] =========================================
163:812  0:000  Xsdt reallocation done
163:812  0:000  old FADT length=10C
163:812  0:000   SignatureFixup: 0x160 -> 0x0
163:816  0:003  Apply DsdtFixMask=0x40400010
163:816  0:000     drop _DSM mask=0x0000
163:816  0:000  === [ FixBiosDsdt ] =======================================
163:823  0:006  Patching DSDT:
163:823  0:000   - [change _OSI to XOSI]: pattern 5F4F5349, patched at: [ (CE4D) (3) (11) (18) (1C) (1C) (1A) (18) (18) (18) (C1F) (F6C) (3) (D) (D) (D) (13) (1B5A) ]
163:823  0:000   - [change _DSM to XDSM]: pattern 5F44534D, patched at: [ (1DEC) (32B) (32B) (32B) (32B) (32B) (32B) (32B) (182A) (CC) (CE) (CE) (293) (100) (3099) (146) (179) (D5) (D5) (D6) (EF) (EF) (EE) (107) (1D6) (189F) (21A) (2EF7) (3EF) ]
163:823  0:000   - [change EHC1 to EH01]: pattern 45484331, patched at: [ (49CD) (77F7) (53) (12) (51ED) ]
163:824  0:000   - [change EHC2 to EH02]: pattern 45484332, patched at: [ (4FA1) (7238) (6A) (12) (48) (12) (519D) ]
163:824  0:000   - [change GFX0 to IGPU]: pattern 47465830, patched at: [ (AFBA) (17) (17) (14) (925) (12) (B53) (67) (1B) (13) (19) (D2) (1B) (90F) (A) (3BC) (30) (16B) (373) (138F) (6C4) (3D7) (12) (F) (2032) (1F) (18) (18) (26) (11) (65) (47) (44) ]
163:824  0:000   - [change B0D3 to HDAU]: pattern 42304433, patched at: [ (AAD0) (D2E) (8) (9) (8) (8) (8) (BB2) (1D) (17) (F) ]
163:824  0:000   - [change LPC to LPCB, optionally pair with SSDT-DEHCI.aml, SSDT-DEH01.aml, SSDT-DEH02.aml, SSDT-LPC.aml]: pattern 4C50435F, bin not found / already patched!
163:824  0:000   - [change Method (GPRW,2,N) to XPRW, pair with SSDT-GPRW.aml]: pattern 47505257, patched at: [ (D177) ]
163:824  0:000    0 replacements
163:824  0:000  Start HPET Fix
163:824  0:000   deleting device CRT_
163:825  0:000   deleting device DVI_
163:825  0:000   deleting device SPKR
163:825  0:000   deleting device ECP_
163:825  0:000   deleting device LPT_
163:825  0:000   deleting device FDC0
163:826  0:000   deleting device ECP1
163:826  0:000   deleting device LPT1
163:826  0:000  Start Mutex Fix
163:826  0:000  Fixing Mutex(SMIX, 1)
163:826  0:000  Fixing Mutex(WMIX, 1)
163:826  0:000  Fixing Mutex(ECMX, 1)
163:826  0:000  Fixing Mutex(ECSX, 1)
163:826  0:000  Fixing Mutex(ECM1, 1)
163:826  0:000  Fixing Mutex(QSEV, 1)
163:826  0:000  Fixing Mutex(ECAX, 1)
163:826  0:000  PreCleanup XSDT: count=15, length=156
163:826  0:000  PreCleanup XSDT, corrected XSDT: count=15, length=156
163:826  0:000  === [ ACPIPatchedAML ] ====================================
163:826  0:000  AutoMerge pass 1
163:826  0:000  Unsorted
163:826  0:000  Inserting SSDT-XHC.AML from EFI\CLOVER\ACPI\patched: ignore on pass 1
163:826  0:000  Inserting SSDT-PNLF.aml from EFI\CLOVER\ACPI\patched: ignore on pass 1
163:826  0:000  Inserting SSDT-SMBUS.aml from EFI\CLOVER\ACPI\patched: ignore on pass 1
163:826  0:000  Inserting SSDT-EH02.aml from EFI\CLOVER\ACPI\patched: ignore on pass 1
163:826  0:000  Inserting SSDT-EH01.aml from EFI\CLOVER\ACPI\patched: ignore on pass 1
163:826  0:000  Inserting SSDT-LPC.AML from EFI\CLOVER\ACPI\patched: ignore on pass 1
163:826  0:000  Inserting SSDT-XOSI.aml from EFI\CLOVER\ACPI\patched: ignore on pass 1
163:826  0:000  Inserting SSDT-AppleALC.aml from EFI\CLOVER\ACPI\patched: ignore on pass 1
163:826  0:000  Inserting SSDT-GPRW.aml from EFI\CLOVER\ACPI\patched: ignore on pass 1
163:826  0:000  === [ ACPIDropTables ] ====================================
163:826  0:000  Drop tables from XSDT, SIGN=DMAR TableID=HSW  Length=176
163:826  0:000   Table[14]: DMAR  HSW   176 dropped
163:826  0:000  0. [change _OSI to XOSI]: pattern 5F4F5349, bin not found / already patched!
163:826  0:000  1. [change _DSM to XDSM]: pattern 5F44534D, patched at: [ (51) ]
163:826  0:000  2. [change EHC1 to EH01]: pattern 45484331, bin not found / already patched!
163:826  0:000  3. [change EHC2 to EH02]: pattern 45484332, bin not found / already patched!
163:826  0:000  4. [change GFX0 to IGPU]: pattern 47465830, bin not found / already patched!
163:826  0:000  5. [change B0D3 to HDAU]: pattern 42304433, bin not found / already patched!
163:826  0:000  6. [change LPC to LPCB, optionally pair with SSDT-DEHCI.aml, SSDT-DEH01.aml, SSDT-DEH02.aml, SSDT-LPC.aml]: pattern 4C50435F, bin not found / already patched!
163:826  0:000  7. [change Method (GPRW,2,N) to XPRW, pair with SSDT-GPRW.aml]: pattern 47505257, bin not found / already patched!
163:826  0:000    0 replacements
163:826  0:000  0. [change _OSI to XOSI]: pattern 5F4F5349, bin not found / already patched!
163:826  0:000  1. [change _DSM to XDSM]: pattern 5F44534D, bin not found / already patched!
163:826  0:000  2. [change EHC1 to EH01]: pattern 45484331, bin not found / already patched!
163:826  0:000  3. [change EHC2 to EH02]: pattern 45484332, bin not found / already patched!
163:826  0:000  4. [change GFX0 to IGPU]: pattern 47465830, bin not found / already patched!
163:826  0:000  5. [change B0D3 to HDAU]: pattern 42304433, bin not found / already patched!
163:826  0:000  6. [change LPC to LPCB, optionally pair with SSDT-DEHCI.aml, SSDT-DEH01.aml, SSDT-DEH02.aml, SSDT-LPC.aml]: pattern 4C50435F, bin not found / already patched!
163:826  0:000  7. [change Method (GPRW,2,N) to XPRW, pair with SSDT-GPRW.aml]: pattern 47505257, bin not found / already patched!
163:826  0:000    0 replacements
163:826  0:000  0. [change _OSI to XOSI]: pattern 5F4F5349, bin not found / already patched!
163:826  0:000  1. [change _DSM to XDSM]: pattern 5F44534D, bin not found / already patched!
163:826  0:000  2. [change EHC1 to EH01]: pattern 45484331, bin not found / already patched!
163:826  0:000  3. [change EHC2 to EH02]: pattern 45484332, bin not found / already patched!
163:826  0:000  4. [change GFX0 to IGPU]: pattern 47465830, bin not found / already patched!
163:826  0:000  5. [change B0D3 to HDAU]: pattern 42304433, bin not found / already patched!
163:826  0:000  6. [change LPC to LPCB, optionally pair with SSDT-DEHCI.aml, SSDT-DEH01.aml, SSDT-DEH02.aml, SSDT-LPC.aml]: pattern 4C50435F, bin not found / already patched!
163:826  0:000  7. [change Method (GPRW,2,N) to XPRW, pair with SSDT-GPRW.aml]: pattern 47505257, bin not found / already patched!
163:826  0:000    0 replacements
163:826  0:000  Found OperationRegion(PPMT, SystemMemory, DA7FFE18, ...)
163:826  0:000  0. [change _OSI to XOSI]: pattern 5F4F5349, bin not found / already patched!
163:826  0:000  1. [change _DSM to XDSM]: pattern 5F44534D, bin not found / already patched!
163:826  0:000  2. [change EHC1 to EH01]: pattern 45484331, bin not found / already patched!
163:826  0:000  3. [change EHC2 to EH02]: pattern 45484332, bin not found / already patched!
163:826  0:000  4. [change GFX0 to IGPU]: pattern 47465830, bin not found / already patched!
163:826  0:000  5. [change B0D3 to HDAU]: pattern 42304433, bin not found / already patched!
163:826  0:000  6. [change LPC to LPCB, optionally pair with SSDT-DEHCI.aml, SSDT-DEH01.aml, SSDT-DEH02.aml, SSDT-LPC.aml]: pattern 4C50435F, bin not found / already patched!
163:826  0:000  7. [change Method (GPRW,2,N) to XPRW, pair with SSDT-GPRW.aml]: pattern 47505257, bin not found / already patched!
163:826  0:000    0 replacements
163:826  0:000  === [ ACPIPatchedAML ] ====================================
163:826  0:000  AutoMerge pass 2
163:826  0:000  Unsorted
163:826  0:000  Inserting SSDT-XHC.AML from EFI\CLOVER\ACPI\patched: size=363 ... Success
163:827  0:000  Inserting SSDT-PNLF.aml from EFI\CLOVER\ACPI\patched: size=1028 ... Success
163:827  0:000  Inserting SSDT-SMBUS.aml from EFI\CLOVER\ACPI\patched: size=138 ... Success
163:828  0:000  Inserting SSDT-EH02.aml from EFI\CLOVER\ACPI\patched: size=260 ... Success
163:828  0:000  Inserting SSDT-EH01.aml from EFI\CLOVER\ACPI\patched: size=260 ... Success
163:829  0:000  Inserting SSDT-LPC.AML from EFI\CLOVER\ACPI\patched: size=390 ... Success
163:830  0:001  Inserting SSDT-XOSI.aml from EFI\CLOVER\ACPI\patched: size=154 ... Success
163:831  0:001  Inserting SSDT-AppleALC.aml from EFI\CLOVER\ACPI\patched: size=154 ... Success
163:832  0:001  Inserting SSDT-GPRW.aml from EFI\CLOVER\ACPI\patched: size=134 ... Success
163:833  0:001  CPUBase=0 and ApicCPUBase=1 ApicCPUNum=4
163:833  0:000  Maximum control=0x1A
163:833  0:000  Turbo control=0x1E
163:833  0:000  P-States: min 0x8, max 0x1E
163:833  0:000  SSDT with plugin-type without P-States is generated
163:833  0:000  Cleanup XSDT: count=25, length=236
163:833  0:000  corrected XSDT count=24, length=228
163:833  0:000  === [ RestSetup macOS ] ===================================
163:833  0:000  EdidDiscovered size=128
163:833  0:000  --- Discovered EDID Table size:128
163:833  0:000  000  |  00  FF  FF  FF  FF  FF  FF  00  06  AF
163:833  0:000  010  |  3D  13  00  00  00  00  22  17  01  04
163:833  0:000  020  |  95  1F  11  78  02  87  E5  A4  56  50
163:833  0:000  030  |  9E  26  0D  50  54  00  00  00  01  01
163:833  0:000  040  |  01  01  01  01  01  01  01  01  01  01
163:833  0:000  050  |  01  01  01  01  14  37  80  B8  70  38
163:833  0:000  060  |  24  40  10  10  3E  00  35  AD  10  00
163:833  0:000  070  |  00  1A  10  2C  80  B8  70  38  24  40
163:833  0:000  080  |  10  10  3E  00  35  AD  10  00  00  1A
163:833  0:000  090  |  00  00  00  FE  00  4D  31  57  48  56
163:833  0:000  100  |  81  42  31  34  30  48  41  4E  00  00
163:833  0:000  110  |  00  00  00  00  41  21  9E  00  00  00
163:833  0:000  120  |  00  0A  01  0A  20  20  00  71
163:833  0:000  add device: PciRoot(0x0)/Pci(0x2,0x0)
163:833  0:000     Add key=framebuffer-stolenmem valuelen=4
163:833  0:000     Add key=framebuffer-patch-enable valuelen=4
163:833  0:000     Add key=framebuffer-fbmem valuelen=4
163:833  0:000     Add key=framebuffer-cursormem valuelen=4
163:833  0:000     Add key=framebuffer-con2-enable valuelen=4
163:833  0:000     Add key=framebuffer-con2-alldata valuelen=12
163:833  0:000     Add key=framebuffer-con1-enable valuelen=4
163:833  0:000     Add key=framebuffer-con1-alldata valuelen=12
163:833  0:000     Add key=device-id valuelen=4
163:833  0:000     Add key=AAPL,ig-platform-id valuelen=4
163:833  0:000  add device: PciRoot(0x0)/Pci(0x1B,0x0)
163:833  0:000     Add key=layout-id valuelen=4
163:833  0:000     Add key=AAPL,max-port-current-in-sleep valuelen=2
163:833  0:000     Add key=AAPL,device-internal valuelen=1
163:833  0:000     Add key=AAPL,current-extra-in-sleep valuelen=2
163:833  0:000     Add key=AAPL,current-extra valuelen=2
163:833  0:000     Add key=AAPL,current-available valuelen=2
163:833  0:000  Intel GFX injection not set
163:835  0:001  custom properties for device 03:00.00 injected
163:835  0:000  stringlength = 3714
163:835  0:000  CurrentMode: Width=1920 Height=1080
163:835  0:000  Beginning FSInjection
FSInjectionInstall ...
- Our FSI_SIMPLE_FILE_SYSTEM_PROTOCOL installed on handle: CFBF4098
FSInjectionInstall ...
- Our FSI_SIMPLE_FILE_SYSTEM_PROTOCOL installed on handle: CFBF4098
163:839  0:003  Use origin smbios table type 1 guid.
163:845  0:005  Preparing kexts injection for arch=x86_64 from EFI\CLOVER\kexts\Other
163:845  0:000  Extra kext: EFI\CLOVER\kexts\Other\USBPorts_E7440.kext (v.1.0)
163:846  0:001  Extra kext: EFI\CLOVER\kexts\Other\ACPIBatteryManager.kext (v.1.90.1)
163:849  0:003  Extra kext: EFI\CLOVER\kexts\Other\VoodooPS2ControllerR6.kext (v.6.0.0)
163:853  0:004    |-- PlugIn kext: EFI\CLOVER\kexts\Other\VoodooPS2ControllerR6.kext\Contents\PlugIns\VoodooPS2Keyboard.kext (v.6.0.0)
163:857  0:003    |-- PlugIn kext: EFI\CLOVER\kexts\Other\VoodooPS2ControllerR6.kext\Contents\PlugIns\VoodooPS2Trackpad.kext (v.6.0.0)
163:860  0:003  Extra kext: EFI\CLOVER\kexts\Other\IntelMausiEthernet.kext (v.2.5.0d0)
163:866  0:005  Extra kext: EFI\CLOVER\kexts\Other\WhateverGreen.kext (v.1.2.7)
163:876  0:010  Extra kext: EFI\CLOVER\kexts\Other\AppleALC.kext (v.1.3.5)
163:936  0:059  Extra kext: EFI\CLOVER\kexts\Other\Lilu.kext (v.1.3.2)
163:940  0:004  Extra kext: EFI\CLOVER\kexts\Other\AirportBrcmFixup.kext (v.1.1.9)
163:944  0:003  Extra kext: EFI\CLOVER\kexts\Other\FakeSMC.kext (v.1800)
163:951  0:006  SetStartupDiskVolume:
163:951  0:000    * Volume: 'macOS'
163:951  0:000    * LoaderPath: '<null string>'
163:951  0:000    * DevPath: macOS
163:951  0:000    * GUID = AABA4161-7350-4700-830C-AD8EF3C3858D
163:953  0:001    * efi-boot-device: <array><dict><key>IOMatch</key><dict><key>IOProviderClass</key><string>IOMedia</string><key>IOPropertyMatch</key><dict><key>UUID</key><string>AABA4161-7350-4700-830C-AD8EF3C3858D</string></dict></dict></dict></array>
163:955  0:002  SetScreenResolution: 1920x1080 - already set
163:955  0:000  Custom boot is disabled
163:956  0:001  Closing log
