0:100  0:100  MemLog inited, TSC freq: 2594000473
0:100  0:000  CPU was calibrated with ACPI PM Timer
0:100  0:000  
0:100  0:000  Now is 10.1.2019,  11:58:43 (GMT)
0:100  0:000  Starting Clover revision: 4813 on American Megatrends EFI
0:100  0:000  Build with: [Args: -nb -mc --no-usb -D NO_GRUB_DRIVERS_EMBEDDED | -D DISABLE_USB_SUPPORT -D NO_GRUB_DRIVERS_EMBEDDED -D USE_BIOS_BLOCKIO -D USE_LOW_EBDA -a X64 -b RELEASE -t XCODE8 -n 5 | OS: 10.13.6 | XCODE: 10.1]
0:100  0:000  SelfDevicePath=PciRoot(0x0)\Pci(0x1F,0x2)\Sata(0x3,0xFFFF,0x0)\HD(1,GPT,17E0268F-E9F0-41BA-A247-30DE14CA5854,0x28,0x64000) @D1A1B498
0:100  0:000  SelfDirPath = \EFI\CLOVER
0:100  0:000  === [ Get Smbios ] ========================================
0:100  0:000  Type 16 Index = 0
0:100  0:000  Total Memory Slots Count = 2
0:100  0:000  Type 17 Index = 0
0:100  0:000  SmbiosTable.Type17->Speed = 1600MHz
0:100  0:000  SmbiosTable.Type17->Size = 8192MB
0:100  0:000  SmbiosTable.Type17->Bank/Device =  DIMM A
0:100  0:000  SmbiosTable.Type17->Vendor = Hynix/Hyundai
0:100  0:000  SmbiosTable.Type17->SerialNumber = D7D8F584
0:100  0:000  SmbiosTable.Type17->PartNumber = HMT41GS6BFR8A-PB  
0:100  0:000  Type 17 Index = 1
0:100  0:000  SmbiosTable.Type17->Speed = 1600MHz
0:100  0:000  SmbiosTable.Type17->Size = 8192MB
0:100  0:000  SmbiosTable.Type17->Bank/Device =  DIMM B
0:100  0:000  SmbiosTable.Type17->Vendor = Samsung
0:100  0:000  SmbiosTable.Type17->SerialNumber = BE8B9C96
0:100  0:000  SmbiosTable.Type17->PartNumber = M471B1G73QH0-YK0  
0:100  0:000  Boot status=0
0:100  0:000  Running on: 'Latitude E7440' with board '06MFX3'
0:100  0:000  === [ GetCPUProperties ] ==================================
0:100  0:000  CPU Vendor = 756E6547 Model=40651
0:100  0:000   The CPU supported SSE4.1
0:100  0:000  BrandString = Intel(R) Core(TM) i5-4310U CPU @ 2.00GHz
0:100  0:000   The CPU supported turbo
0:100  0:000  MSR 0x35               20004
0:100  0:000  MSR 0xE2 before patch 1E008408
0:100  0:000  MSR 0xE2 is locked, PM patches will be turned on
0:100  0:000  MSR 0xCE              0008083D_F3011A00
0:100  0:000  corrected FLEX_RATIO = 0
0:100  0:000  MSR 0x1B0             00000000
0:100  0:000  FSBFrequency = 77 MHz, DMI FSBFrequency = 100 MHz, Corrected FSBFrequency = 100 MHz
0:100  0:000  MaxDiv/MinDiv: 26.0/8
0:100  0:000  Turbo: 27/27/27/30
0:100  0:000  Features: 0xBFEBFBFF
0:100  0:000  Threads: 4
0:100  0:000  Cores: 2
0:100  0:000  FSB: 100 MHz
0:100  0:000  CPU: 2000 MHz
0:100  0:000  TSC: 2000 MHz
0:100  0:000  PIS: 100 MHz
0:100  0:000  ExternalClock: 25 MHz
0:100  0:000  === [ GetDevices ] ========================================
0:100  0:000  PCI (00|00:00.00) : 8086 0A04 class=060000
0:100  0:000  PCI (00|00:02.00) : 8086 0A16 class=030000
0:100  0:000   - GFX: Model=Intel HD Graphics 4400 (Intel)
0:100  0:000  PCI (00|00:03.00) : 8086 0A0C class=040300
0:100  0:000  PCI (00|00:14.00) : 8086 9C31 class=0C0330
0:100  0:000  PCI (00|00:16.00) : 8086 9C3A class=078000
0:100  0:000  PCI (00|00:16.01) : FFFF FFFF class=FFFFFF
0:100  0:000  PCI (00|00:16.03) : 8086 9C3D class=070002
0:100  0:000  PCI (00|00:19.00) : 8086 155A class=020000
0:100  0:000   - LAN: 0 Vendor=Intel
0:100  0:000  PCI (00|00:1B.00) : 8086 9C20 class=040300
0:100  0:000  PCI (00|00:1C.00) : 8086 9C10 class=060400
0:100  0:000  PCI (00|00:1C.03) : 8086 9C16 class=060400
0:100  0:000  PCI (00|02:00.00) : 14E4 43B1 class=028000
0:100  0:000   - WIFI: Vendor=Broadcom
0:100  0:000  PCI (00|00:1C.04) : 8086 9C18 class=060400
0:102  0:001  PCI (00|03:00.00) : 1217 8520 class=080501
0:102  0:000  PCI (00|00:1D.00) : 8086 9C26 class=0C0320
0:102  0:000  PCI (00|00:1F.00) : 8086 9C43 class=060100
0:102  0:000  PCI (00|00:1F.02) : 8086 9C03 class=010601
0:102  0:000  PCI (00|00:1F.03) : 8086 9C22 class=0C0500
0:102  0:000  PCI (00|00:1F.06) : FFFF FFFF class=FFFFFF
0:102  0:000  === [ GetDefaultSettings ] ================================
0:102  0:000  Clover load options size = 176 bytes
0:105  0:003  EFI\CLOVER\.plist not loaded with name from LoadOptions: Not Found
0:107  0:001  EFI\CLOVER\config.plist loaded: Success
0:107  0:000  === [ GetListOfThemes ] ===================================
0:108  0:001  - [00]: RANDOM
0:109  0:001  - [00]: EMBEDDED
0:110  0:001  === [ Found config plists ] ===============================
0:110  0:000  - config.plist
0:110  0:000  === [ GetEarlyUserSettings ] ==============================
0:110  0:000  timeout set to 1
0:110  0:000  Custom boot CUSTOM_BOOT_DISABLED (0x0)
0:110  0:000  KextsToPatch: 2 requested
0:110  0:000   - [00]: IOAHCIBlockStorage (Enable TRIM for SSD) :: BinPatch :: data len: 11
0:110  0:000   - [01]: AppleAHCIPort (External Icon Patch) :: BinPatch :: data len: 8
0:110  0:000  Default theme: embedded
0:110  0:000  Hiding entries with string Preboot
0:110  0:000  === [ LoadDrivers ] =======================================
0:112  0:002  Loading PartitionDxe-64.efi  status=Success
0:114  0:001   - driver needs connecting
0:114  0:000  Loading DataHubDxe-64.efi  status=Success
0:121  0:006  Loading FSInject-64.efi  status=Success
0:122  0:001  Loading ApfsDriverLoader-64.efi  status=Success
0:123  0:000   - driver needs connecting
0:123  0:000  Loading SMCHelper-64.efi  status=Success
0:123  0:000  Loading AptioMemoryFix-64.efi  status=Success
0:127  0:003  Loading HFSPlus.efi  status=Success
0:129  0:001   - driver needs connecting
0:129  0:000  3 drivers needs connecting ...
0:129  0:000  PlatformDriverOverrideProtocol->GetDriver overriden
0:129  0:000  Partition driver loaded: 
0:129  0:000  HFS+ driver loaded
0:129  0:000  APFS driver loaded
0:129  0:000  Searching for invalid DiskIo BY_DRIVER connects: not found, all ok
1:324  1:194  === [ InitScreen ] ========================================
1:324  0:000  SetScreenResolution: 1920x1080 - already set
1:324  0:000  Console modes reported: 4, available modes:
1:324  0:000   - [01]: 80x25
1:324  0:000   - [02]: 80x50
1:324  0:000   - [03]: 100x31
1:324  0:000   - [04]: 240x56 (current mode)
1:324  0:000  reinit: self device path=PciRoot(0x0)\Pci(0x1F,0x2)\Sata(0x3,0xFFFF,0x0)\HD(1,GPT,17E0268F-E9F0-41BA-A247-30DE14CA5854,0x28,0x64000)
1:324  0:000  Using embedded font: Success
1:325  0:000  === [ GetMacAddress ] =====================================
1:325  0:000   get legacy LAN MAC, 1 card found
1:325  0:000  Legacy MAC address of LAN #0= 34:E6:D7:35:C8:2D:
1:325  0:000  === [ ScanSPD ] ===========================================
1:327  0:001  Scanning SMBus [8086:9C22], mmio: 0xF7C39004, ioport: 0xF040, hostc: 0x11
1:346  0:018  Slot: 0 Type 24 8192MB 1600MHz Vendor=SK Hynix PartNo=HMT41GS6BFR8A-PBN0 SerialNo=000407050D080D07
1:367  0:020  Slot: 2 Type 24 8192MB 1600MHz Vendor=Samsung PartNo=M471B1G73QH0-YK0 SerialNo=0906010C080B030E
1:368  0:000  === [ GetAcpiTablesList ] =================================
1:368  0:000  Get Acpi Tables List from RSDT:
1:368  0:000   - [00]: FACP  CBX3    len=132
1:368  0:000   - [01]: APIC  CBX3    len=114
1:368  0:000   - [02]: FPDT  CBX3    len=68
1:368  0:000   - [03]: SLIC  CBX3    len=374
1:368  0:000   - [04]: LPIT  CBX3    len=92
1:368  0:000   - [05]: SSDT  sensrhub len=552
1:368  0:000   - [06]: SSDT  Cpu0Ist len=1311
1:368  0:000   - [07]: SSDT  CpuPm len=2776
1:368  0:000   - [08]: HPET  CBX3    len=56
1:368  0:000   - [09]: SSDT  SataTabl len=1109
1:368  0:000   - [10]: MCFG  CBX3    len=60
1:368  0:000   - [11]: ASF!   HCG len=165
1:368  0:000   - [12]: MSDM  CBX3    len=85
1:368  0:000   - [13]: BGRT   len=56
1:368  0:000   - [14]: DMAR  HSW  len=176
1:368  0:000  Calibrated TSC Frequency = 2594000473 = 2594MHz
1:368  0:000  === [ GetUserSettings ] ===================================
1:368  0:000  Add 2 devices:
1:368  0:000  Add 1 devices:
1:368  0:000   - [00]: [03:00.00]  (SDXC reader - RP05)
1:368  0:000  USB FixOwnership: yes
1:368  0:000  Dropping 1 tables:
1:368  0:000   - [00]: Drop table  signature="DMAR" (52414D44)
1:368  0:000           - set table: 52414D44,                0 to drop: yes
1:368  0:000   - final DSDT Fix mask=40400010
1:368  0:000  PatchesDSDT: 8 requested
1:368  0:000   - [00]: (change _OSI to XOSI) lenToFind: 4, lenToReplace: 4, Target Bridge: <null string>
1:368  0:000   - [01]: (change _DSM to XDSM) lenToFind: 4, lenToReplace: 4, Target Bridge: <null string>
1:368  0:000   - [02]: (change EHC1 to EH01) lenToFind: 4, lenToReplace: 4, Target Bridge: <null string>
1:368  0:000   - [03]: (change EHC2 to EH02) lenToFind: 4, lenToReplace: 4, Target Bridge: <null string>
1:368  0:000   - [04]: (change GFX0 to IGPU) lenToFind: 4, lenToReplace: 4, Target Bridge: <null string>
1:368  0:000   - [05]: (change B0D3 to HDAU) lenToFind: 4, lenToReplace: 4, Target Bridge: <null string>
1:368  0:000   - [06]: (change LPC to LPCB, optionally pair with SSDT-DEHCI.aml, SSDT-DEH01.aml, SSDT-DEH02.aml, SSDT-LPC.aml) lenToFind: 4, lenToReplace: 4, Target Bridge: <null string>
1:368  0:000   - [07]: (change Method (GPRW,2,N) to XPRW, pair with SSDT-GPRW.aml) lenToFind: 5, lenToReplace: 5, Target Bridge: <null string>
1:368  0:000  PluginType: 1
1:368  0:000  Using ProductName from config: MacBookPro11,1
1:368  0:000  Found same BiosVersion in clover and config
1:368  0:000  BiosVersion: MBP111.88Z.0147.B00.1809171520
1:368  0:000  BiosReleaseDate: 09/17/2018
1:368  0:000  Using EfiVersion from config: 149.0.0.0.0
1:368  0:000  Using FirmwareFeatures from config: 0xE80FE137
1:368  0:000  Using FirmwareFeaturesMask from config: 0xFF1FFF3F
1:368  0:000  Board-ID set from config as Mac-189A3D4F975D5FFC
1:368  0:000  BoardType: 0xA
1:368  0:000  ChassisType: 0xA
1:368  0:000  Converted CustomUUID 856A2170-B4B6-47BA-A148-E8FA202B10A3
1:371  0:003  === [ Found DSDT tables ] =================================
1:431  0:059  === [ ScanVolumes ] =======================================
1:431  0:000  Found 16 volumes with blockIO
1:431  0:000  - [00]: Volume: PciRoot(0x0)\Pci(0x1F,0x2)\Sata(0x1,0xFFFF,0x0)
1:431  0:000  - [01]: Volume: PciRoot(0x0)\Pci(0x1F,0x2)\Sata(0x3,0xFFFF,0x0)
1:432  0:000  - [02]: Volume: PciRoot(0x0)\Pci(0x1F,0x2)\Sata(0x1,0xFFFF,0x0)\HD(1,GPT,2CBE5FCC-244D-41DB-AC94-1E4FB2D5B5C0,0x28,0x64000)
1:432  0:000          Result of bootcode detection: bootable unknown (legacy)
1:458  0:025  - [03]: Volume: PciRoot(0x0)\Pci(0x1F,0x2)\Sata(0x1,0xFFFF,0x0)\HD(2,GPT,29680B3B-F04E-4D73-B16F-A20B2AF672BD,0x64800,0x3E800000)
1:458  0:000          Result of bootcode detection: bootable Windows (vista,win)
1:458  0:000  - [04]: Volume: PciRoot(0x0)\Pci(0x1F,0x2)\Sata(0x1,0xFFFF,0x0)\HD(3,GPT,6CFCCE01-7118-430D-AF29-C22F870E34F2,0x3E864800,0x1B8F4DA0)
1:459  0:000  - [05]: Volume: PciRoot(0x0)\Pci(0x1F,0x2)\Sata(0x1,0xFFFF,0x0)\HD(4,GPT,9A93E4BC-E5B8-49F3-A283-B296B4C248F8,0x5A1995A0,0x22E8B260)
1:459  0:000  - [06]: Volume: PciRoot(0x0)\Pci(0x1F,0x2)\Sata(0x1,0xFFFF,0x0)\HD(5,GPT,9D6D0452-254C-4F78-98F6-ED499E2245A0,0x7D064800,0x6BDA3800)
1:460  0:000          Result of bootcode detection: bootable unknown (legacy)
1:460  0:000  - [07]: Volume: PciRoot(0x0)\Pci(0x1F,0x2)\Sata(0x3,0xFFFF,0x0)\HD(1,GPT,17E0268F-E9F0-41BA-A247-30DE14CA5854,0x28,0x64000)
1:460  0:000          Result of bootcode detection: bootable unknown (legacy)
1:466  0:005          This is SelfVolume !!
1:466  0:000  - [08]: Volume: PciRoot(0x0)\Pci(0x1F,0x2)\Sata(0x3,0xFFFF,0x0)\HD(2,GPT,AABA4161-7350-4700-830C-AD8EF3C3858D,0x64028,0x166E0AE0)
1:468  0:002          Result of bootcode detection: bootable unknown (legacy)
1:468  0:000  - [09]: Volume: PciRoot(0x0)\Pci(0x1F,0x2)\Sata(0x3,0xFFFF,0x0)\HD(3,GPT,01B901DD-9934-4093-B74A-8DEC6A657AB9,0x16745000,0x8000)
1:469  0:000  - [10]: Volume: PciRoot(0x0)\Pci(0x1F,0x2)\Sata(0x3,0xFFFF,0x0)\HD(4,GPT,8844F6EA-A91F-4E40-8C0F-4DF3DCF2A236,0x1674D000,0x74AC659)
1:470  0:000          Result of bootcode detection: bootable Windows (vista,win)
1:470  0:000  - [11]: Volume: PciRoot(0x0)\Pci(0x1F,0x2)\Sata(0x3,0xFFFF,0x0)\HD(5,GPT,D46BC828-0BA3-4B30-8AD3-619FF0D1E1D7,0x1DBF9800,0xF8800)
1:471  0:000          Result of bootcode detection: bootable Windows (vista,win)
1:471  0:000  - [12]: Volume: PciRoot(0x0)\Pci(0x1F,0x2)\Sata(0x3,0xFFFF,0x0)\HD(2,GPT,AABA4161-7350-4700-830C-AD8EF3C3858D,0x64028,0x166E0AE0)\VenMedia(BE74FCF7-0B7C-49F3-9147-01F4042E6842,1F52DFA29714D5468AC66E55774293DC)
1:471  0:000          hiding this volume
1:471  0:000  - [13]: Volume: PciRoot(0x0)\Pci(0x1F,0x2)\Sata(0x3,0xFFFF,0x0)\HD(2,GPT,AABA4161-7350-4700-830C-AD8EF3C3858D,0x64028,0x166E0AE0)\VenMedia(BE74FCF7-0B7C-49F3-9147-01F4042E6842,E74EBC4AC50A9243BD06982A8CCF39AA)
1:471  0:000  - [14]: Volume: PciRoot(0x0)\Pci(0x1F,0x2)\Sata(0x3,0xFFFF,0x0)\HD(2,GPT,AABA4161-7350-4700-830C-AD8EF3C3858D,0x64028,0x166E0AE0)\VenMedia(BE74FCF7-0B7C-49F3-9147-01F4042E6842,D27587A87741A144B2C67F5C4E98CA5C)
1:471  0:000  - [15]: Volume: PciRoot(0x0)\Pci(0x1F,0x2)\Sata(0x3,0xFFFF,0x0)\HD(2,GPT,AABA4161-7350-4700-830C-AD8EF3C3858D,0x64028,0x166E0AE0)\VenMedia(BE74FCF7-0B7C-49F3-9147-01F4042E6842,A5B12641D121744588675BAF3D53D29A)
1:471  0:000  === [ InitTheme ] =========================================
1:471  0:000   using embedded theme
1:471  0:000  Using embedded font: Success
1:472  0:000  theme inited
1:472  0:000  Chosen embedded theme
1:472  0:000  after NVRAM boot-args=dart=0 kext-dev-mode=1 debug=0x100 abm_firstpolldelay=20000 brcmfx-country=GB
1:472  0:000  === [ Dump SMC keys from NVRAM ] ==========================
1:472  0:000  found AppleSMC protocol
1:484  0:012  Registered 17 SMC keys
1:485  0:001  === [ ScanLoader ] ========================================
1:485  0:000  - [02]: 'EFI'
1:485  0:000  - [03]: '500GBNTFS'
1:485  0:000  - [04]: 'HSF+240GB'
1:493  0:007  - [05]: 'TimeMachine'
1:493  0:000  - [07]: 'EFI'
1:505  0:011          AddLoaderEntry for Volume Name=EFI
1:506  0:000          AddLoaderEntry for Volume Name=EFI
1:506  0:000          skipped because entry is hidden
1:506  0:000  - [10]: 'Win10HD'
1:506  0:000  - [11]: ''
1:506  0:000  - [12]: 'Preboot', hidden
1:506  0:000  - [13]: 'macOS'
1:563  0:056          AddLoaderEntry for Volume Name=macOS
1:575  0:011      hibernated: set as never
1:581  0:006  - [14]: 'Recovery'
1:585  0:003          AddLoaderEntry for Volume Name=Recovery
1:590  0:005  - [15]: 'VM'
1:590  0:000  === [ AddCustomTool ] =====================================
1:592  0:002  found tool \EFI\CLOVER\tools\Shell64U.efi
1:592  0:000  Checking EFI partition Volume 2 for Clover
1:592  0:000  Checking EFI partition Volume 7 for Clover
1:593  0:000   Found Clover
1:594  0:000  === [ GetEfiBootDeviceFromNvram ] =========================
1:594  0:000   - efi-boot-device-data: PciRoot(0x0)\Pci(0x1F,0x2)\Sata(0x3,0xFFFF,0x0)\HD(2,GPT,AABA4161-7350-4700-830C-AD8EF3C3858D,0x64028,0x166E0AE0)\VenMedia(BE74FCF7-0B7C-49F3-9147-01F4042E6842,E74EBC4AC50A9243BD06982A8CCF39AA)
1:594  0:000    - Volume: 'PciRoot(0x0)\Pci(0x1F,0x2)\Sata(0x3,0xFFFF,0x0)\HD(2,GPT,AABA4161-7350-4700-830C-AD8EF3C3858D,0x64028,0x166E0AE0)\VenMedia(BE74FCF7-0B7C-49F3-9147-01F4042E6842,E74EBC4AC50A9243BD06982A8CCF39AA)'
1:594  0:000    - LoaderPath: '<null string>'
1:594  0:000    - Guid = AABA4161-7350-4700-830C-AD8EF3C3858D
1:594  0:000  === [ FindStartupDiskVolume ] =============================
1:594  0:000    - Volume: partition = PciRoot(0x0)\Pci(0x1F,0x2)\Sata(0x3,0xFFFF,0x0)\HD(2,GPT,AABA4161-7350-4700-830C-AD8EF3C3858D,0x64028,0x166E0AE0)\VenMedia(BE74FCF7-0B7C-49F3-9147-01F4042E6842,E74EBC4AC50A9243BD06982A8CCF39AA)
1:594  0:000     - searching for that partition
1:594  0:000      - found entry 1. 'Boot macOS from macOS', Volume 'macOS'
1:594  0:000  Boot redirected to Entry 1. 'Boot macOS from macOS'
1:594  0:000  DefaultIndex=1 and MainMenu.EntryCount=9
1:594  0:000  not run anime
1:688  0:094  GUI ready
3:445  1:757  Found BIOS RSDP at EEDC0
3:445  0:000  Printing ACPI tables from RSDP EEDC0 ...
3:445  0:000   EEDC0: 'RSD PTR ', Rev: 2 (Acpi 2.0 or newer), Len: 36
3:446  0:000    (Xsdt: D8FEB090, Rsdt: D8FEB028)
3:446  0:000    D8FEB090: 'XSDT', 'CBX3', Rev: 1, Len: 156
3:446  0:000    D8FEB028: 'RSDT', 'CBX3', Rev: 1, Len: 96
3:446  0:000    Tables in Xsdt: 15
3:446  0:000    0. D8FFCAA8: 'FACP', 'CBX3', Rev: 5, Len: 268
3:446  0:000        (Dsdt: D8FEB1B8, Facs: DA7FE080, XDsdt: D8FEB1B8, XFacs: 0)
3:446  0:000        D8FEB1B8: 'DSDT', 'CBX3', Rev: 2, Len: 71916
3:447  0:001        DA7FE080: 'FACS', Ver: 2, Len: 64
3:447  0:000    1. D8FFCBB8: 'APIC', 'CBX3', Rev: 3, Len: 114
3:447  0:000    2. D8FFCC30: 'FPDT', 'CBX3', Rev: 1, Len: 68
3:447  0:000    3. D8FFCC78: 'SLIC', 'CBX3', Rev: 3, Len: 374
3:447  0:000    4. D8FFCDF0: 'LPIT', 'CBX3', Rev: 1, Len: 92
3:447  0:000    5. D8FFCE50: 'SSDT', 'sensrhub', Rev: 1, Len: 552
3:447  0:000    6. D8FFD078: 'SSDT', 'Cpu0Ist', Rev: 1, Len: 1311
3:447  0:000    7. D8FFD598: 'SSDT', 'CpuPm', Rev: 1, Len: 2776
3:447  0:000    8. D8FFE070: 'HPET', 'CBX3', Rev: 1, Len: 56
3:447  0:000    9. D8FFE0A8: 'SSDT', 'SataTabl', Rev: 1, Len: 1109
3:447  0:000    10. D8FFE500: 'MCFG', 'CBX3', Rev: 1, Len: 60
3:447  0:000    11. D8FFE540: 'ASF!', ' HCG', Rev: 32, Len: 165
3:447  0:000    12. D8FFE5E8: 'MSDM', 'CBX3', Rev: 3, Len: 85
3:447  0:000    13. D8FFE640: 'BGRT', '', Rev: 0, Len: 56
3:447  0:000    14. D8FFE678: 'DMAR', 'HSW', Rev: 1, Len: 176
3:447  0:000    Tables in Rsdt: 15
3:447  0:000    0. D8FEB130: 'FACP', 'CBX3', Rev: 2, Len: 132
3:447  0:000        (Dsdt: D8FEB1B8, Facs: DA7FE040)
3:447  0:000        D8FEB1B8: 'DSDT', 'CBX3', Rev: 2, Len: 71916
3:448  0:001        DA7FE040: 'FACS', Ver: 0, Len: 64
3:448  0:000    1. D8FFCBB8: 'APIC', 'CBX3', Rev: 3, Len: 114
3:448  0:000    2. D8FFCC30: 'FPDT', 'CBX3', Rev: 1, Len: 68
3:448  0:000    3. D8FFCC78: 'SLIC', 'CBX3', Rev: 3, Len: 374
3:448  0:000    4. D8FFCDF0: 'LPIT', 'CBX3', Rev: 1, Len: 92
3:448  0:000    5. D8FFCE50: 'SSDT', 'sensrhub', Rev: 1, Len: 552
3:448  0:000    6. D8FFD078: 'SSDT', 'Cpu0Ist', Rev: 1, Len: 1311
3:448  0:000    7. D8FFD598: 'SSDT', 'CpuPm', Rev: 1, Len: 2776
3:448  0:000    8. D8FFE070: 'HPET', 'CBX3', Rev: 1, Len: 56
3:448  0:000    9. D8FFE0A8: 'SSDT', 'SataTabl', Rev: 1, Len: 1109
3:448  0:000    10. D8FFE500: 'MCFG', 'CBX3', Rev: 1, Len: 60
3:448  0:000    11. D8FFE540: 'ASF!', ' HCG', Rev: 32, Len: 165
3:448  0:000    12. D8FFE5E8: 'MSDM', 'CBX3', Rev: 3, Len: 85
3:448  0:000    13. D8FFE640: 'BGRT', '', Rev: 0, Len: 56
3:448  0:000    14. D8FFE678: 'DMAR', 'HSW', Rev: 1, Len: 176
3:448  0:000  Found UEFI Acpi 2.0 RSDP at D8FEB000
3:448  0:000  Saving ACPI tables from RSDP D8FEB000 to EFI\CLOVER\ACPI\origin ...
3:448  0:000   D8FEB000: 'RSD PTR ', Rev: 2 (Acpi 2.0 or newer), Len: 36 -> RSDP.aml
3:455  0:006    (Xsdt: D8FEB090, Rsdt: D8FEB028)
3:455  0:000    D8FEB090: 'XSDT', 'CBX3', Rev: 1, Len: 156 -> XSDT.aml
3:457  0:002    D8FEB028: 'RSDT', 'CBX3', Rev: 1, Len: 96 -> RSDT.aml
3:460  0:002    Tables in Xsdt: 15
3:460  0:000    0. D8FFCAA8: 'FACP', 'CBX3', Rev: 5, Len: 268 -> FACP.aml
3:462  0:002        (Dsdt: D8FEB1B8, Facs: DA7FE080, XDsdt: D8FEB1B8, XFacs: 0)
3:462  0:000        D8FEB1B8: 'DSDT', 'CBX3', Rev: 2, Len: 71916 -> DSDT.aml
3:469  0:006        DA7FE080: 'FACS', Ver: 2, Len: 64 -> FACS.aml
3:471  0:002    1. D8FFCBB8: 'APIC', 'CBX3', Rev: 3, Len: 114 -> APIC.aml
3:474  0:002    2. D8FFCC30: 'FPDT', 'CBX3', Rev: 1, Len: 68 -> FPDT.aml
3:479  0:004    3. D8FFCC78: 'SLIC', 'CBX3', Rev: 3, Len: 374 -> SLIC.aml
3:481  0:002    4. D8FFCDF0: 'LPIT', 'CBX3', Rev: 1, Len: 92 -> LPIT.aml
3:484  0:002    5. D8FFCE50: 'SSDT', 'sensrhub', Rev: 1, Len: 552 -> SSDT-0-sensrhub.aml
3:486  0:002    6. D8FFD078: 'SSDT', 'Cpu0Ist', Rev: 1, Len: 1311 -> SSDT-1-Cpu0Ist.aml
3:489  0:002    7. D8FFD598: 'SSDT', 'CpuPm', Rev: 1, Len: 2776 -> SSDT-2-CpuPm.aml (Found hidden SSDT 4 pcs)
3:492  0:002        * D2DB1A98: '$', '', Rev: 0, Len: 23117  24 05 00 10 4D 5A 00 00 00 00 00 00 00 00 00 00 
3:492  0:000        * DBDA3618: 'SSDT', 'ApIst', Rev: 1, Len: 1450  53 53 44 54 AA 05 00 00 01 D3 50 6D 52 65 66 00 Internal length = 1450 -> SSDT-x2_0-ApIst.aml
3:495  0:003        * DBDA3C18: 'SSDT', 'Cpu0Cst', Rev: 1, Len: 979  53 53 44 54 D3 03 00 00 01 B3 50 6D 52 65 66 00 Internal length = 979 -> SSDT-x2_1-Cpu0Cst.aml
3:498  0:002        * DBDA2D98: 'SSDT', 'ApCst', Rev: 1, Len: 281  53 53 44 54 19 01 00 00 01 EF 50 6D 52 65 66 00 Internal length = 281 -> SSDT-x2_2-ApCst.aml
3:503  0:005  
3:503  0:000    8. D8FFE070: 'HPET', 'CBX3', Rev: 1, Len: 56 -> HPET.aml
3:506  0:002    9. D8FFE0A8: 'SSDT', 'SataTabl', Rev: 1, Len: 1109 -> SSDT-3-SataTabl.aml
3:508  0:002    10. D8FFE500: 'MCFG', 'CBX3', Rev: 1, Len: 60 -> MCFG.aml
3:511  0:002    11. D8FFE540: 'ASF!', ' HCG', Rev: 32, Len: 165 -> ASF!.aml
3:514  0:003    12. D8FFE5E8: 'MSDM', 'CBX3', Rev: 3, Len: 85 -> MSDM.aml
3:517  0:002    13. D8FFE640: 'BGRT', '', Rev: 0, Len: 56 -> BGRT.aml
3:519  0:002    14. D8FFE678: 'DMAR', 'HSW', Rev: 1, Len: 176 -> DMAR.aml
3:522  0:002    Tables in Rsdt: 15
3:522  0:000    0. D8FEB130: 'FACP', 'CBX3', Rev: 2, Len: 132 -> RSDT-FACP.aml
3:525  0:002        (Dsdt: D8FEB1B8, Facs: DA7FE040)
3:525  0:000        D8FEB1B8: 'DSDT', 'CBX3', Rev: 2, Len: 71916
3:526  0:001        DA7FE040: 'FACS', Ver: 0, Len: 64 -> RSDT-FACS.aml
3:529  0:002    1. D8FFCBB8: 'APIC', 'CBX3', Rev: 3, Len: 114
3:529  0:000    2. D8FFCC30: 'FPDT', 'CBX3', Rev: 1, Len: 68
3:529  0:000    3. D8FFCC78: 'SLIC', 'CBX3', Rev: 3, Len: 374
3:529  0:000    4. D8FFCDF0: 'LPIT', 'CBX3', Rev: 1, Len: 92
3:529  0:000    5. D8FFCE50: 'SSDT', 'sensrhub', Rev: 1, Len: 552
3:529  0:000    6. D8FFD078: 'SSDT', 'Cpu0Ist', Rev: 1, Len: 1311
3:529  0:000    7. D8FFD598: 'SSDT', 'CpuPm', Rev: 1, Len: 2776
3:529  0:000    8. D8FFE070: 'HPET', 'CBX3', Rev: 1, Len: 56
3:529  0:000    9. D8FFE0A8: 'SSDT', 'SataTabl', Rev: 1, Len: 1109
3:529  0:000    10. D8FFE500: 'MCFG', 'CBX3', Rev: 1, Len: 60
3:529  0:000    11. D8FFE540: 'ASF!', ' HCG', Rev: 32, Len: 165
3:529  0:000    12. D8FFE5E8: 'MSDM', 'CBX3', Rev: 3, Len: 85
3:529  0:000    13. D8FFE640: 'BGRT', '', Rev: 0, Len: 56
3:529  0:000    14. D8FFE678: 'DMAR', 'HSW', Rev: 1, Len: 176
3:529  0:000  Found UEFI Acpi 1.0 RSDP at D8FEB000
3:529  0:000  Printing ACPI tables from RSDP D8FEB000 ...
3:529  0:000   D8FEB000: 'RSD PTR ', Rev: 2 (Acpi 2.0 or newer), Len: 36
3:529  0:000    (Xsdt: D8FEB090, Rsdt: D8FEB028)
3:529  0:000    D8FEB090: 'XSDT', 'CBX3', Rev: 1, Len: 156
3:529  0:000    D8FEB028: 'RSDT', 'CBX3', Rev: 1, Len: 96
3:529  0:000    Tables in Xsdt: 15
3:529  0:000    0. D8FFCAA8: 'FACP', 'CBX3', Rev: 5, Len: 268
3:529  0:000        (Dsdt: D8FEB1B8, Facs: DA7FE080, XDsdt: D8FEB1B8, XFacs: 0)
3:529  0:000        D8FEB1B8: 'DSDT', 'CBX3', Rev: 2, Len: 71916
3:530  0:001        DA7FE080: 'FACS', Ver: 2, Len: 64
3:530  0:000    1. D8FFCBB8: 'APIC', 'CBX3', Rev: 3, Len: 114
3:530  0:000    2. D8FFCC30: 'FPDT', 'CBX3', Rev: 1, Len: 68
3:530  0:000    3. D8FFCC78: 'SLIC', 'CBX3', Rev: 3, Len: 374
3:530  0:000    4. D8FFCDF0: 'LPIT', 'CBX3', Rev: 1, Len: 92
3:530  0:000    5. D8FFCE50: 'SSDT', 'sensrhub', Rev: 1, Len: 552
3:530  0:000    6. D8FFD078: 'SSDT', 'Cpu0Ist', Rev: 1, Len: 1311
3:530  0:000    7. D8FFD598: 'SSDT', 'CpuPm', Rev: 1, Len: 2776
3:530  0:000    8. D8FFE070: 'HPET', 'CBX3', Rev: 1, Len: 56
3:530  0:000    9. D8FFE0A8: 'SSDT', 'SataTabl', Rev: 1, Len: 1109
3:530  0:000    10. D8FFE500: 'MCFG', 'CBX3', Rev: 1, Len: 60
3:530  0:000    11. D8FFE540: 'ASF!', ' HCG', Rev: 32, Len: 165
3:530  0:000    12. D8FFE5E8: 'MSDM', 'CBX3', Rev: 3, Len: 85
3:530  0:000    13. D8FFE640: 'BGRT', '', Rev: 0, Len: 56
3:530  0:000    14. D8FFE678: 'DMAR', 'HSW', Rev: 1, Len: 176
3:530  0:000    Tables in Rsdt: 15
3:530  0:000    0. D8FEB130: 'FACP', 'CBX3', Rev: 2, Len: 132
3:530  0:000        (Dsdt: D8FEB1B8, Facs: DA7FE040)
3:530  0:000        D8FEB1B8: 'DSDT', 'CBX3', Rev: 2, Len: 71916
3:532  0:001        DA7FE040: 'FACS', Ver: 0, Len: 64
3:532  0:000    1. D8FFCBB8: 'APIC', 'CBX3', Rev: 3, Len: 114
3:532  0:000    2. D8FFCC30: 'FPDT', 'CBX3', Rev: 1, Len: 68
3:532  0:000    3. D8FFCC78: 'SLIC', 'CBX3', Rev: 3, Len: 374
3:532  0:000    4. D8FFCDF0: 'LPIT', 'CBX3', Rev: 1, Len: 92
3:532  0:000    5. D8FFCE50: 'SSDT', 'sensrhub', Rev: 1, Len: 552
3:532  0:000    6. D8FFD078: 'SSDT', 'Cpu0Ist', Rev: 1, Len: 1311
3:532  0:000    7. D8FFD598: 'SSDT', 'CpuPm', Rev: 1, Len: 2776
3:532  0:000    8. D8FFE070: 'HPET', 'CBX3', Rev: 1, Len: 56
3:532  0:000    9. D8FFE0A8: 'SSDT', 'SataTabl', Rev: 1, Len: 1109
3:532  0:000    10. D8FFE500: 'MCFG', 'CBX3', Rev: 1, Len: 60
3:532  0:000    11. D8FFE540: 'ASF!', ' HCG', Rev: 32, Len: 165
3:532  0:000    12. D8FFE5E8: 'MSDM', 'CBX3', Rev: 3, Len: 85
3:532  0:000    13. D8FFE640: 'BGRT', '', Rev: 0, Len: 56
3:532  0:000    14. D8FFE678: 'DMAR', 'HSW', Rev: 1, Len: 176
5:268  1:735  Boot option Boot0000 not found
5:268  0:000  === [ StartLoader ] =======================================
5:268  0:000  Finally: ExternalClock=25MHz BusSpeed=99770kHz CPUFreq=2594MHz PIS: hw.busfrequency=100000000Hz
5:268  0:000  Loading boot.efi  status=Success
5:353  0:085  GetOSVersion: 10.14.2 (18C54)
5:353  0:000  CSR_CFG: CSR_ALLOW_UNTRUSTED_KEXTS | CSR_ALLOW_UNRESTRICTED_FS | CSR_ALLOW_TASK_FOR_PID | CSR_ALLOW_UNRESTRICTED_DTRACE | CSR_ALLOW_UNRESTRICTED_NVRAM
5:353  0:000  Filtering KextPatches:
5:353  0:000   - [00]: IOAHCIBlockStorage (Enable TRIM for SSD) :: BinPatch :: [OS: 10.14.2 | MatchOS: All | MatchBuild: All] ==> allowed
5:353  0:000   - [01]: AppleAHCIPort (External Icon Patch) :: BinPatch :: [OS: 10.14.2 | MatchOS: All | MatchBuild: All] ==> allowed
5:353  0:000  Will not patch boot.efi
5:353  0:000  === [ PatchSmbios ] =======================================
5:353  0:000  insert table 9 for dev 19:0
5:353  0:000  insert table 9 for dev 0:0
5:353  0:000  Trusting SMBIOS...
5:353  0:000  Detected alternating SMBIOS channel banks
5:353  0:000  Channels: 2
5:353  0:000  Interleave: 0 2 1 3 4 6 5 7 8 10 9 11 12 14 13 15 16 18 17 19 20 22 21 23
5:353  0:000   partNum=HMT41GS6BFR8A-PB  
5:353  0:000  SMBIOS Type 17 Index = 0 => 0 0:
5:353  0:000  BANK 0 DIMM0 1600MHz 8192MB
5:353  0:000   partNum=M471B1G73QH0-YK0  
5:353  0:000  SMBIOS Type 17 Index = 1 => 1 2:
5:353  0:000  BANK 1 DIMM0 1600MHz 8192MB
5:353  0:000  mTotalSystemMemory = 16384
5:353  0:000  NumberOfMemoryDevices = 2
5:353  0:000  Type20[0]->End = 0x7FFFFF, Type17[0] = 0x2000
5:353  0:000  Type20[1]->End = 0xFFFFFF, Type17[1] = 0x6000
5:353  0:000  Table 131 is present, CPUType=35
5:353  0:000  Change to: 605
5:353  0:000  === [ PatchACPI ] =========================================
5:353  0:000  Xsdt reallocation done
5:353  0:000  old FADT length=10C
5:353  0:000   SignatureFixup: 0x11E -> 0x0
5:356  0:002  Apply DsdtFixMask=0x40400010
5:356  0:000     drop _DSM mask=0x0000
5:356  0:000  === [ FixBiosDsdt ] =======================================
5:454  0:097  Patching DSDT:
5:454  0:000   - [change _OSI to XOSI]: pattern 5F4F5349, patched at: [ (CE4D) (3) (11) (18) (1C) (1C) (1A) (18) (18) (18) (C1F) (F6C) (3) (D) (D) (D) (13) (1B5A) ]
5:454  0:000   - [change _DSM to XDSM]: pattern 5F44534D, patched at: [ (1DEC) (32B) (32B) (32B) (32B) (32B) (32B) (32B) (182A) (CC) (CE) (CE) (293) (100) (3099) (146) (179) (D5) (D5) (D6) (EF) (EF) (EE) (107) (1D6) (189F) (21A) (2EF7) (3EF) ]
5:454  0:000   - [change EHC1 to EH01]: pattern 45484331, patched at: [ (49CD) (77F7) (53) (12) (51ED) ]
5:454  0:000   - [change EHC2 to EH02]: pattern 45484332, patched at: [ (4FA1) (7238) (6A) (12) (48) (12) (519D) ]
5:455  0:000   - [change GFX0 to IGPU]: pattern 47465830, patched at: [ (AFBA) (17) (17) (14) (925) (12) (B53) (67) (1B) (13) (19) (D2) (1B) (90F) (A) (3BC) (30) (16B) (373) (138F) (6C4) (3D7) (12) (F) (2032) (1F) (18) (18) (26) (11) (65) (47) (44) ]
5:455  0:000   - [change B0D3 to HDAU]: pattern 42304433, patched at: [ (AAD0) (D2E) (8) (9) (8) (8) (8) (BB2) (1D) (17) (F) ]
5:455  0:000   - [change LPC to LPCB, optionally pair with SSDT-DEHCI.aml, SSDT-DEH01.aml, SSDT-DEH02.aml, SSDT-LPC.aml]: pattern 4C50435F, bin not found / already patched!
5:455  0:000   - [change Method (GPRW,2,N) to XPRW, pair with SSDT-GPRW.aml]: pattern 47505257, patched at: [ (D177) ]
5:455  0:000    0 replacements
5:455  0:000  Start HPET Fix
5:456  0:000   deleting device CRT_
5:456  0:000   deleting device DVI_
5:456  0:000   deleting device SPKR
5:456  0:000   deleting device ECP_
5:456  0:000   deleting device LPT_
5:457  0:000   deleting device FDC0
5:457  0:000   deleting device ECP1
5:457  0:000   deleting device LPT1
5:457  0:000  Start Mutex Fix
5:457  0:000  Fixing Mutex(SMIX, 1)
5:457  0:000  Fixing Mutex(WMIX, 1)
5:457  0:000  Fixing Mutex(ECMX, 1)
5:457  0:000  Fixing Mutex(ECSX, 1)
5:457  0:000  Fixing Mutex(ECM1, 1)
5:457  0:000  Fixing Mutex(QSEV, 1)
5:457  0:000  Fixing Mutex(ECAX, 1)
5:457  0:000  PreCleanup XSDT: count=15, length=156
5:457  0:000  PreCleanup XSDT, corrected XSDT: count=15, length=156
5:457  0:000  === [ ACPIPatchedAML ] ====================================
5:457  0:000  AutoMerge pass 1
5:457  0:000  Unsorted
5:457  0:000  Inserting SSDT-XHC.AML from EFI\CLOVER\ACPI\patched: ignore on pass 1
5:457  0:000  Inserting SSDT-PNLF.aml from EFI\CLOVER\ACPI\patched: ignore on pass 1
5:457  0:000  Inserting SSDT-SMBUS.aml from EFI\CLOVER\ACPI\patched: ignore on pass 1
5:457  0:000  Inserting SSDT-EH02.aml from EFI\CLOVER\ACPI\patched: ignore on pass 1
5:457  0:000  Inserting SSDT-EH01.aml from EFI\CLOVER\ACPI\patched: ignore on pass 1
5:457  0:000  Inserting SSDT-LPC.AML from EFI\CLOVER\ACPI\patched: ignore on pass 1
5:457  0:000  Inserting SSDT-XOSI.aml from EFI\CLOVER\ACPI\patched: ignore on pass 1
5:457  0:000  Inserting SSDT-GPRW.aml from EFI\CLOVER\ACPI\patched: ignore on pass 1
5:457  0:000  === [ ACPIDropTables ] ====================================
5:457  0:000  Drop tables from XSDT, SIGN=DMAR TableID=HSW  Length=176
5:457  0:000   Table[14]: DMAR  HSW   176 dropped
5:457  0:000  0. [change _OSI to XOSI]: pattern 5F4F5349, bin not found / already patched!
5:457  0:000  1. [change _DSM to XDSM]: pattern 5F44534D, patched at: [ (51) ]
5:457  0:000  2. [change EHC1 to EH01]: pattern 45484331, bin not found / already patched!
5:457  0:000  3. [change EHC2 to EH02]: pattern 45484332, bin not found / already patched!
5:457  0:000  4. [change GFX0 to IGPU]: pattern 47465830, bin not found / already patched!
5:457  0:000  5. [change B0D3 to HDAU]: pattern 42304433, bin not found / already patched!
5:457  0:000  6. [change LPC to LPCB, optionally pair with SSDT-DEHCI.aml, SSDT-DEH01.aml, SSDT-DEH02.aml, SSDT-LPC.aml]: pattern 4C50435F, bin not found / already patched!
5:457  0:000  7. [change Method (GPRW,2,N) to XPRW, pair with SSDT-GPRW.aml]: pattern 47505257, bin not found / already patched!
5:457  0:000    0 replacements
5:457  0:000  0. [change _OSI to XOSI]: pattern 5F4F5349, bin not found / already patched!
5:457  0:000  1. [change _DSM to XDSM]: pattern 5F44534D, bin not found / already patched!
5:457  0:000  2. [change EHC1 to EH01]: pattern 45484331, bin not found / already patched!
5:457  0:000  3. [change EHC2 to EH02]: pattern 45484332, bin not found / already patched!
5:457  0:000  4. [change GFX0 to IGPU]: pattern 47465830, bin not found / already patched!
5:457  0:000  5. [change B0D3 to HDAU]: pattern 42304433, bin not found / already patched!
5:457  0:000  6. [change LPC to LPCB, optionally pair with SSDT-DEHCI.aml, SSDT-DEH01.aml, SSDT-DEH02.aml, SSDT-LPC.aml]: pattern 4C50435F, bin not found / already patched!
5:457  0:000  7. [change Method (GPRW,2,N) to XPRW, pair with SSDT-GPRW.aml]: pattern 47505257, bin not found / already patched!
5:457  0:000    0 replacements
5:457  0:000  0. [change _OSI to XOSI]: pattern 5F4F5349, bin not found / already patched!
5:457  0:000  1. [change _DSM to XDSM]: pattern 5F44534D, bin not found / already patched!
5:457  0:000  2. [change EHC1 to EH01]: pattern 45484331, bin not found / already patched!
5:457  0:000  3. [change EHC2 to EH02]: pattern 45484332, bin not found / already patched!
5:457  0:000  4. [change GFX0 to IGPU]: pattern 47465830, bin not found / already patched!
5:457  0:000  5. [change B0D3 to HDAU]: pattern 42304433, bin not found / already patched!
5:457  0:000  6. [change LPC to LPCB, optionally pair with SSDT-DEHCI.aml, SSDT-DEH01.aml, SSDT-DEH02.aml, SSDT-LPC.aml]: pattern 4C50435F, bin not found / already patched!
5:457  0:000  7. [change Method (GPRW,2,N) to XPRW, pair with SSDT-GPRW.aml]: pattern 47505257, bin not found / already patched!
5:457  0:000    0 replacements
5:457  0:000  Found OperationRegion(PPMT, SystemMemory, DA7FFE18, ...)
5:457  0:000  0. [change _OSI to XOSI]: pattern 5F4F5349, bin not found / already patched!
5:457  0:000  1. [change _DSM to XDSM]: pattern 5F44534D, bin not found / already patched!
5:457  0:000  2. [change EHC1 to EH01]: pattern 45484331, bin not found / already patched!
5:457  0:000  3. [change EHC2 to EH02]: pattern 45484332, bin not found / already patched!
5:457  0:000  4. [change GFX0 to IGPU]: pattern 47465830, bin not found / already patched!
5:457  0:000  5. [change B0D3 to HDAU]: pattern 42304433, bin not found / already patched!
5:457  0:000  6. [change LPC to LPCB, optionally pair with SSDT-DEHCI.aml, SSDT-DEH01.aml, SSDT-DEH02.aml, SSDT-LPC.aml]: pattern 4C50435F, bin not found / already patched!
5:457  0:000  7. [change Method (GPRW,2,N) to XPRW, pair with SSDT-GPRW.aml]: pattern 47505257, bin not found / already patched!
5:457  0:000    0 replacements
5:457  0:000  === [ ACPIPatchedAML ] ====================================
5:457  0:000  AutoMerge pass 2
5:457  0:000  Unsorted
5:457  0:000  Inserting SSDT-XHC.AML from EFI\CLOVER\ACPI\patched: size=363 ... Success
5:460  0:002  Inserting SSDT-PNLF.aml from EFI\CLOVER\ACPI\patched: size=1028 ... Success
5:460  0:000  Inserting SSDT-SMBUS.aml from EFI\CLOVER\ACPI\patched: size=138 ... Success
5:461  0:000  Inserting SSDT-EH02.aml from EFI\CLOVER\ACPI\patched: size=260 ... Success
5:461  0:000  Inserting SSDT-EH01.aml from EFI\CLOVER\ACPI\patched: size=260 ... Success
5:462  0:000  Inserting SSDT-LPC.AML from EFI\CLOVER\ACPI\patched: size=390 ... Success
5:463  0:001  Inserting SSDT-XOSI.aml from EFI\CLOVER\ACPI\patched: size=154 ... Success
5:464  0:001  Inserting SSDT-GPRW.aml from EFI\CLOVER\ACPI\patched: size=134 ... Success
5:465  0:001  CPUBase=0 and ApicCPUBase=1 ApicCPUNum=4
5:465  0:000  Maximum control=0x1A
5:465  0:000  Turbo control=0x1E
5:465  0:000  P-States: min 0x8, max 0x1E
5:465  0:000  SSDT with plugin-type without P-States is generated
5:465  0:000  Cleanup XSDT: count=24, length=228
5:465  0:000  corrected XSDT count=23, length=220
5:465  0:000  === [ RestSetup macOS ] ===================================
5:465  0:000  EdidDiscovered size=128
5:465  0:000  --- Discovered EDID Table size:128
5:465  0:000  000  |  00  FF  FF  FF  FF  FF  FF  00  06  AF
5:465  0:000  010  |  3D  13  00  00  00  00  22  17  01  04
5:465  0:000  020  |  95  1F  11  78  02  87  E5  A4  56  50
5:465  0:000  030  |  9E  26  0D  50  54  00  00  00  01  01
5:465  0:000  040  |  01  01  01  01  01  01  01  01  01  01
5:465  0:000  050  |  01  01  01  01  14  37  80  B8  70  38
5:465  0:000  060  |  24  40  10  10  3E  00  35  AD  10  00
5:465  0:000  070  |  00  1A  10  2C  80  B8  70  38  24  40
5:465  0:000  080  |  10  10  3E  00  35  AD  10  00  00  1A
5:465  0:000  090  |  00  00  00  FE  00  4D  31  57  48  56
5:465  0:000  100  |  81  42  31  34  30  48  41  4E  00  00
5:465  0:000  110  |  00  00  00  00  41  21  9E  00  00  00
5:465  0:000  120  |  00  0A  01  0A  20  20  00  71
5:465  0:000  add device: PciRoot(0x0)/Pci(0x2,0x0)
5:465  0:000     Add key=framebuffer-stolenmem valuelen=4
5:465  0:000     Add key=framebuffer-patch-enable valuelen=4
5:465  0:000     Add key=framebuffer-fbmem valuelen=4
5:465  0:000     Add key=framebuffer-cursormem valuelen=4
5:465  0:000     Add key=framebuffer-con2-enable valuelen=4
5:465  0:000     Add key=framebuffer-con2-alldata valuelen=12
5:465  0:000     Add key=framebuffer-con1-enable valuelen=4
5:465  0:000     Add key=framebuffer-con1-alldata valuelen=12
5:465  0:000     Add key=device-id valuelen=4
5:465  0:000     Add key=AAPL,ig-platform-id valuelen=4
5:465  0:000  add device: PciRoot(0x0)/Pci(0x1B,0x0)
5:465  0:000     Add key=layout-id valuelen=4
5:465  0:000  Intel GFX injection not set
5:467  0:001  custom properties for device 03:00.00 injected
5:467  0:000  stringlength = 3128
5:467  0:000  CurrentMode: Width=1920 Height=1080
5:467  0:000  Beginning FSInjection
FSInjectionInstall ...
- Our FSI_SIMPLE_FILE_SYSTEM_PROTOCOL installed on handle: CF7B3018
FSInjectionInstall ...
- Our FSI_SIMPLE_FILE_SYSTEM_PROTOCOL installed on handle: CF7B3018
5:471  0:003  Use origin smbios table type 1 guid.
5:478  0:006  Preparing kexts injection for arch=x86_64 from EFI\CLOVER\kexts\Other
5:478  0:000  Extra kext: EFI\CLOVER\kexts\Other\USBPorts_E7440.kext (v.1.0)
5:479  0:001  Extra kext: EFI\CLOVER\kexts\Other\VoodooPS2ControllerR6.kext (v.6.0.0)
5:483  0:003    |-- PlugIn kext: EFI\CLOVER\kexts\Other\VoodooPS2ControllerR6.kext\Contents\PlugIns\VoodooPS2Keyboard.kext (v.6.0.0)
5:487  0:004    |-- PlugIn kext: EFI\CLOVER\kexts\Other\VoodooPS2ControllerR6.kext\Contents\PlugIns\VoodooPS2Trackpad.kext (v.6.0.0)
5:490  0:002  Extra kext: EFI\CLOVER\kexts\Other\IntelMausiEthernet.kext (v.2.4.1d1)
5:495  0:005  Extra kext: EFI\CLOVER\kexts\Other\WhateverGreen.kext (v.1.2.6)
5:505  0:009  Extra kext: EFI\CLOVER\kexts\Other\AppleALC.kext (v.1.3.4)
5:564  0:058  Extra kext: EFI\CLOVER\kexts\Other\FakeSMC.kext (v.1800)
5:570  0:005  Extra kext: EFI\CLOVER\kexts\Other\Lilu.kext (v.1.3.1)
5:574  0:004  Extra kext: EFI\CLOVER\kexts\Other\AirportBrcmFixup.kext (v.1.1.9)
5:579  0:005  Extra kext: EFI\CLOVER\kexts\Other\ACPIBatteryManager.kext (v.1.90.1)
5:584  0:005  SetStartupDiskVolume:
5:584  0:000    * Volume: 'macOS'
5:584  0:000    * LoaderPath: '<null string>'
5:584  0:000    * DevPath: macOS
5:584  0:000    * GUID = AABA4161-7350-4700-830C-AD8EF3C3858D
5:584  0:000    * efi-boot-device: <array><dict><key>IOMatch</key><dict><key>IOProviderClass</key><string>IOMedia</string><key>IOPropertyMatch</key><dict><key>UUID</key><string>AABA4161-7350-4700-830C-AD8EF3C3858D</string></dict></dict></dict></array>
5:584  0:000  SetScreenResolution: 1920x1080 - already set
5:584  0:000  Custom boot is disabled
5:585  0:001  Closing log
